2018-03-12T04:20:20+00:00 MDaleDeskTopLinux#01 I: Start test public:0:expr_basic.
2018-03-12T04:20:20+00:00 MDaleDeskTopLinux#01 I: Test public:0:expr_basic is successful.
2018-03-12T04:20:20+00:00 MDaleDeskTopLinux#01 I: End test public:0:expr_basic.
2018-03-12T04:20:20+00:00 MDaleDeskTopLinux#01 I: Start test public:4:stmt_control.
2018-03-12T04:20:20+00:00 MDaleDeskTopLinux#01 I: Test public:4:stmt_control is successful.
2018-03-12T04:20:20+00:00 MDaleDeskTopLinux#01 I: End test public:4:stmt_control.
2018-03-12T04:20:20+00:00 MDaleDeskTopLinux#01 I: Start test public:9:assign_exp.
2018-03-12T04:20:20+00:00 MDaleDeskTopLinux#01 I: Test public:9:assign_exp is successful.
2018-03-12T04:20:20+00:00 MDaleDeskTopLinux#01 I: End test public:9:assign_exp.
2018-03-12T04:20:20+00:00 MDaleDeskTopLinux#01 I: Start test public:13:exp_1.
2018-03-12T04:20:20+00:00 MDaleDeskTopLinux#01 I: Test public:13:exp_1 is successful.
2018-03-12T04:20:20+00:00 MDaleDeskTopLinux#01 I: End test public:13:exp_1.
2018-03-12T04:20:20+00:00 MDaleDeskTopLinux#01 I: Start test public:16:ifelse.
2018-03-12T04:20:20+00:00 MDaleDeskTopLinux#01 I: Test public:16:ifelse is successful.
2018-03-12T04:20:20+00:00 MDaleDeskTopLinux#01 I: End test public:16:ifelse.
2018-03-12T04:20:20+00:00 MDaleDeskTopLinux#01 I: Start test public:19:nested_ifelse.
2018-03-12T04:20:20+00:00 MDaleDeskTopLinux#01 I: Test public:19:nested_ifelse is successful.
2018-03-12T04:20:20+00:00 MDaleDeskTopLinux#01 I: End test public:19:nested_ifelse.
2018-03-12T04:20:20+00:00 MDaleDeskTopLinux#01 I: Start test public:23:test_2.
2018-03-12T04:20:20+00:00 MDaleDeskTopLinux#01 I: Test public:23:test_2 is successful.
2018-03-12T04:20:20+00:00 MDaleDeskTopLinux#01 I: End test public:23:test_2.
