2018-03-15T19:31:00+00:00 maxl-Gazelle#01 I: Start test public:0:expr_basic.
2018-03-15T19:31:00+00:00 maxl-Gazelle#01 I: Test public:0:expr_basic is successful.
2018-03-15T19:31:00+00:00 maxl-Gazelle#01 I: End test public:0:expr_basic.
2018-03-15T19:31:00+00:00 maxl-Gazelle#01 I: Start test public:4:stmt_control.
2018-03-15T19:31:00+00:00 maxl-Gazelle#01 I: Test public:4:stmt_control is successful.
2018-03-15T19:31:00+00:00 maxl-Gazelle#01 I: End test public:4:stmt_control.
2018-03-15T19:31:00+00:00 maxl-Gazelle#01 I: Start test public:7:assign_1.
2018-03-15T19:31:00+00:00 maxl-Gazelle#01 I: Test public:7:assign_1 is successful.
2018-03-15T19:31:00+00:00 maxl-Gazelle#01 I: End test public:7:assign_1.
2018-03-15T19:31:00+00:00 maxl-Gazelle#01 I: Start test public:11:equal.
2018-03-15T19:31:00+00:00 maxl-Gazelle#01 I: Test public:11:equal is successful.
2018-03-15T19:31:00+00:00 maxl-Gazelle#01 I: End test public:11:equal.
2018-03-15T19:31:00+00:00 maxl-Gazelle#01 I: Start test public:14:exp_2.
2018-03-15T19:31:00+00:00 maxl-Gazelle#01 I: Test public:14:exp_2 is successful.
2018-03-15T19:31:00+00:00 maxl-Gazelle#01 I: End test public:14:exp_2.
2018-03-15T19:31:00+00:00 maxl-Gazelle#01 I: Start test public:18:while.
2018-03-15T19:31:00+00:00 maxl-Gazelle#01 I: Test public:18:while is successful.
2018-03-15T19:31:00+00:00 maxl-Gazelle#01 I: End test public:18:while.
2018-03-15T19:31:00+00:00 maxl-Gazelle#01 I: Start test public:21:main.
2018-03-15T19:31:00+00:00 maxl-Gazelle#01 I: Test public:21:main is successful.
2018-03-15T19:31:00+00:00 maxl-Gazelle#01 I: End test public:21:main.
2018-03-15T19:31:00+00:00 maxl-Gazelle#01 I: Start test public:24:test_3.
2018-03-15T19:31:00+00:00 maxl-Gazelle#01 I: Test public:24:test_3 is successful.
2018-03-15T19:31:00+00:00 maxl-Gazelle#01 I: End test public:24:test_3.
