2018-03-12T04:20:20+00:00 MDaleDeskTopLinux#00 I: Runner: processes
2018-03-12T04:20:20+00:00 MDaleDeskTopLinux#00 I: Chooser: simple
2018-03-12T04:20:20+00:00 MDaleDeskTopLinux#00 I: Configuration suite_name = "public"
2018-03-12T04:20:20+00:00 MDaleDeskTopLinux#00 I: Configuration cache_filename = "/home/mdale/330/ocaml/p3b/oUnit-$(suite_name).cache"
2018-03-12T04:20:20+00:00 MDaleDeskTopLinux#00 I: Configuration display = "true"
2018-03-12T04:20:20+00:00 MDaleDeskTopLinux#00 I: Configuration results_style_1_X = "false"
2018-03-12T04:20:20+00:00 MDaleDeskTopLinux#00 I: Configuration verbose = "false"
2018-03-12T04:20:20+00:00 MDaleDeskTopLinux#00 I: Configuration health_check_interval = "1."
2018-03-12T04:20:20+00:00 MDaleDeskTopLinux#00 I: Configuration testdata_dir = "none"
2018-03-12T04:20:20+00:00 MDaleDeskTopLinux#00 I: Configuration chooser = "simple"
2018-03-12T04:20:20+00:00 MDaleDeskTopLinux#00 I: Configuration output_html_dir = "none"
2018-03-12T04:20:20+00:00 MDaleDeskTopLinux#00 I: Configuration processes_kill_period = "5."
2018-03-12T04:20:20+00:00 MDaleDeskTopLinux#00 I: Configuration runner = "processes"
2018-03-12T04:20:20+00:00 MDaleDeskTopLinux#00 I: Configuration shards = "4"
2018-03-12T04:20:20+00:00 MDaleDeskTopLinux#00 I: Configuration processes_grace_period = "5."
2018-03-12T04:20:20+00:00 MDaleDeskTopLinux#00 I: Configuration log_encoding = "utf-8"
2018-03-12T04:20:20+00:00 MDaleDeskTopLinux#00 I: Configuration output_junit_file = "none"
2018-03-12T04:20:20+00:00 MDaleDeskTopLinux#00 I: Configuration output_file = "/home/mdale/330/ocaml/p3b/oUnit-$(suite_name)-$(shard_id).log"
2018-03-12T04:20:20+00:00 MDaleDeskTopLinux#00 I: Using 4 workers maximum.
2018-03-12T04:20:20+00:00 MDaleDeskTopLinux#00 I: Starting worker number MDaleDeskTopLinux#01.
2018-03-12T04:20:20+00:00 MDaleDeskTopLinux#00 I: Worker MDaleDeskTopLinux#01 started.
2018-03-12T04:20:20+00:00 MDaleDeskTopLinux#00 I: Starting worker number MDaleDeskTopLinux#02.
2018-03-12T04:20:20+00:00 MDaleDeskTopLinux#00 I: Worker MDaleDeskTopLinux#02 started.
2018-03-12T04:20:20+00:00 MDaleDeskTopLinux#00 I: Starting worker number MDaleDeskTopLinux#03.
2018-03-12T04:20:20+00:00 MDaleDeskTopLinux#00 I: Worker MDaleDeskTopLinux#03 started.
2018-03-12T04:20:20+00:00 MDaleDeskTopLinux#00 I: Starting worker number MDaleDeskTopLinux#04.
2018-03-12T04:20:20+00:00 MDaleDeskTopLinux#00 I: Worker MDaleDeskTopLinux#04 started.
2018-03-12T04:20:20+00:00 MDaleDeskTopLinux#00 I: 4 tests running: public:3:stmt_basic, public:2:expr_fail, public:1:expr_ops, public:0:expr_basic.
2018-03-12T04:20:20+00:00 MDaleDeskTopLinux#01 I: Start test public:0:expr_basic.
2018-03-12T04:20:20+00:00 MDaleDeskTopLinux#02 I: Start test public:1:expr_ops.
2018-03-12T04:20:20+00:00 MDaleDeskTopLinux#03 I: Start test public:2:expr_fail.
2018-03-12T04:20:20+00:00 MDaleDeskTopLinux#00 I: 4 tests running: public:3:stmt_basic, public:2:expr_fail, public:1:expr_ops, public:0:expr_basic.
2018-03-12T04:20:20+00:00 MDaleDeskTopLinux#01 I: Test public:0:expr_basic is successful.
2018-03-12T04:20:20+00:00 MDaleDeskTopLinux#00 I: 4 tests running: public:3:stmt_basic, public:2:expr_fail, public:1:expr_ops, public:0:expr_basic.
2018-03-12T04:20:20+00:00 MDaleDeskTopLinux#01 I: End test public:0:expr_basic.
2018-03-12T04:20:20+00:00 MDaleDeskTopLinux#02 I: Test public:1:expr_ops is successful.
2018-03-12T04:20:20+00:00 MDaleDeskTopLinux#00 I: 4 tests running: public:3:stmt_basic, public:2:expr_fail, public:1:expr_ops, public:0:expr_basic.
2018-03-12T04:20:20+00:00 MDaleDeskTopLinux#02 I: End test public:1:expr_ops.
2018-03-12T04:20:20+00:00 MDaleDeskTopLinux#04 I: Start test public:3:stmt_basic.
2018-03-12T04:20:20+00:00 MDaleDeskTopLinux#00 I: 4 tests running: public:4:stmt_control, public:3:stmt_basic, public:2:expr_fail, public:1:expr_ops.
2018-03-12T04:20:20+00:00 MDaleDeskTopLinux#01 I: Start test public:4:stmt_control.
2018-03-12T04:20:20+00:00 MDaleDeskTopLinux#00 I: 4 tests running: public:5:define_1, public:4:stmt_control, public:3:stmt_basic, public:2:expr_fail.
2018-03-12T04:20:20+00:00 MDaleDeskTopLinux#02 I: Start test public:5:define_1.
2018-03-12T04:20:20+00:00 MDaleDeskTopLinux#00 I: 4 tests running: public:5:define_1, public:4:stmt_control, public:3:stmt_basic, public:2:expr_fail.
2018-03-12T04:20:20+00:00 MDaleDeskTopLinux#03 I: Test public:2:expr_fail is successful.
2018-03-12T04:20:20+00:00 MDaleDeskTopLinux#00 I: 4 tests running: public:5:define_1, public:4:stmt_control, public:3:stmt_basic, public:2:expr_fail.
2018-03-12T04:20:20+00:00 MDaleDeskTopLinux#03 I: End test public:2:expr_fail.
2018-03-12T04:20:20+00:00 MDaleDeskTopLinux#00 I: 4 tests running: public:5:define_1, public:4:stmt_control, public:3:stmt_basic, public:2:expr_fail.
2018-03-12T04:20:20+00:00 MDaleDeskTopLinux#00 I: 4 tests running: public:6:define_2, public:5:define_1, public:4:stmt_control, public:3:stmt_basic.
2018-03-12T04:20:20+00:00 MDaleDeskTopLinux#03 I: Start test public:6:define_2.
2018-03-12T04:20:20+00:00 MDaleDeskTopLinux#00 I: 4 tests running: public:6:define_2, public:5:define_1, public:4:stmt_control, public:3:stmt_basic.
2018-03-12T04:20:20+00:00 MDaleDeskTopLinux#04 I: Test public:3:stmt_basic is successful.
2018-03-12T04:20:20+00:00 MDaleDeskTopLinux#00 I: 4 tests running: public:6:define_2, public:5:define_1, public:4:stmt_control, public:3:stmt_basic.
2018-03-12T04:20:20+00:00 MDaleDeskTopLinux#04 I: End test public:3:stmt_basic.
2018-03-12T04:20:20+00:00 MDaleDeskTopLinux#02 I: Test public:5:define_1 is successful.
2018-03-12T04:20:20+00:00 MDaleDeskTopLinux#00 I: 4 tests running: public:6:define_2, public:5:define_1, public:4:stmt_control, public:3:stmt_basic.
2018-03-12T04:20:20+00:00 MDaleDeskTopLinux#02 I: End test public:5:define_1.
2018-03-12T04:20:20+00:00 MDaleDeskTopLinux#00 I: 4 tests running: public:7:assign_1, public:6:define_2, public:5:define_1, public:4:stmt_control.
2018-03-12T04:20:20+00:00 MDaleDeskTopLinux#01 I: Test public:4:stmt_control is successful.
2018-03-12T04:20:20+00:00 MDaleDeskTopLinux#04 I: Start test public:7:assign_1.
2018-03-12T04:20:20+00:00 MDaleDeskTopLinux#00 I: 4 tests running: public:8:assign_2, public:7:assign_1, public:6:define_2, public:4:stmt_control.
2018-03-12T04:20:20+00:00 MDaleDeskTopLinux#01 I: End test public:4:stmt_control.
2018-03-12T04:20:20+00:00 MDaleDeskTopLinux#02 I: Start test public:8:assign_2.
2018-03-12T04:20:20+00:00 MDaleDeskTopLinux#00 I: 4 tests running: public:8:assign_2, public:7:assign_1, public:6:define_2, public:4:stmt_control.
2018-03-12T04:20:20+00:00 MDaleDeskTopLinux#00 I: 4 tests running: public:9:assign_exp, public:8:assign_2, public:7:assign_1, public:6:define_2.
2018-03-12T04:20:20+00:00 MDaleDeskTopLinux#01 I: Start test public:9:assign_exp.
2018-03-12T04:20:20+00:00 MDaleDeskTopLinux#00 I: 4 tests running: public:9:assign_exp, public:8:assign_2, public:7:assign_1, public:6:define_2.
2018-03-12T04:20:20+00:00 MDaleDeskTopLinux#03 I: Test public:6:define_2 is successful.
2018-03-12T04:20:20+00:00 MDaleDeskTopLinux#00 I: 4 tests running: public:9:assign_exp, public:8:assign_2, public:7:assign_1, public:6:define_2.
2018-03-12T04:20:20+00:00 MDaleDeskTopLinux#03 I: End test public:6:define_2.
2018-03-12T04:20:20+00:00 MDaleDeskTopLinux#00 I: 4 tests running: public:9:assign_exp, public:8:assign_2, public:7:assign_1, public:6:define_2.
2018-03-12T04:20:20+00:00 MDaleDeskTopLinux#00 I: 4 tests running: public:10:notequal, public:9:assign_exp, public:8:assign_2, public:7:assign_1.
2018-03-12T04:20:20+00:00 MDaleDeskTopLinux#03 I: Start test public:10:notequal.
2018-03-12T04:20:20+00:00 MDaleDeskTopLinux#00 I: 4 tests running: public:10:notequal, public:9:assign_exp, public:8:assign_2, public:7:assign_1.
2018-03-12T04:20:20+00:00 MDaleDeskTopLinux#02 I: Test public:8:assign_2 is successful.
2018-03-12T04:20:20+00:00 MDaleDeskTopLinux#00 I: 4 tests running: public:10:notequal, public:9:assign_exp, public:8:assign_2, public:7:assign_1.
2018-03-12T04:20:20+00:00 MDaleDeskTopLinux#04 I: Test public:7:assign_1 is successful.
2018-03-12T04:20:20+00:00 MDaleDeskTopLinux#02 I: End test public:8:assign_2.
2018-03-12T04:20:20+00:00 MDaleDeskTopLinux#00 I: 4 tests running: public:10:notequal, public:9:assign_exp, public:8:assign_2, public:7:assign_1.
2018-03-12T04:20:20+00:00 MDaleDeskTopLinux#04 I: End test public:7:assign_1.
2018-03-12T04:20:20+00:00 MDaleDeskTopLinux#01 I: Test public:9:assign_exp is successful.
2018-03-12T04:20:20+00:00 MDaleDeskTopLinux#00 I: 4 tests running: public:11:equal, public:10:notequal, public:9:assign_exp, public:7:assign_1.
2018-03-12T04:20:20+00:00 MDaleDeskTopLinux#01 I: End test public:9:assign_exp.
2018-03-12T04:20:20+00:00 MDaleDeskTopLinux#02 I: Start test public:11:equal.
2018-03-12T04:20:20+00:00 MDaleDeskTopLinux#00 I: 4 tests running: public:12:less, public:11:equal, public:10:notequal, public:9:assign_exp.
2018-03-12T04:20:20+00:00 MDaleDeskTopLinux#04 I: Start test public:12:less.
2018-03-12T04:20:20+00:00 MDaleDeskTopLinux#00 I: 4 tests running: public:13:exp_1, public:12:less, public:11:equal, public:10:notequal.
2018-03-12T04:20:20+00:00 MDaleDeskTopLinux#01 I: Start test public:13:exp_1.
2018-03-12T04:20:20+00:00 MDaleDeskTopLinux#00 I: 4 tests running: public:13:exp_1, public:12:less, public:11:equal, public:10:notequal.
2018-03-12T04:20:20+00:00 MDaleDeskTopLinux#03 I: Test public:10:notequal is successful.
2018-03-12T04:20:20+00:00 MDaleDeskTopLinux#00 I: 4 tests running: public:13:exp_1, public:12:less, public:11:equal, public:10:notequal.
2018-03-12T04:20:20+00:00 MDaleDeskTopLinux#03 I: End test public:10:notequal.
2018-03-12T04:20:20+00:00 MDaleDeskTopLinux#00 I: 4 tests running: public:13:exp_1, public:12:less, public:11:equal, public:10:notequal.
2018-03-12T04:20:20+00:00 MDaleDeskTopLinux#00 I: 4 tests running: public:14:exp_2, public:13:exp_1, public:12:less, public:11:equal.
2018-03-12T04:20:20+00:00 MDaleDeskTopLinux#03 I: Start test public:14:exp_2.
2018-03-12T04:20:20+00:00 MDaleDeskTopLinux#00 I: 4 tests running: public:14:exp_2, public:13:exp_1, public:12:less, public:11:equal.
2018-03-12T04:20:20+00:00 MDaleDeskTopLinux#02 I: Test public:11:equal is successful.
2018-03-12T04:20:20+00:00 MDaleDeskTopLinux#00 I: 4 tests running: public:14:exp_2, public:13:exp_1, public:12:less, public:11:equal.
2018-03-12T04:20:20+00:00 MDaleDeskTopLinux#02 I: End test public:11:equal.
2018-03-12T04:20:20+00:00 MDaleDeskTopLinux#00 I: 4 tests running: public:14:exp_2, public:13:exp_1, public:12:less, public:11:equal.
2018-03-12T04:20:20+00:00 MDaleDeskTopLinux#00 I: 4 tests running: public:15:exp_3, public:14:exp_2, public:13:exp_1, public:12:less.
2018-03-12T04:20:20+00:00 MDaleDeskTopLinux#01 I: Test public:13:exp_1 is successful.
2018-03-12T04:20:20+00:00 MDaleDeskTopLinux#02 I: Start test public:15:exp_3.
2018-03-12T04:20:20+00:00 MDaleDeskTopLinux#00 I: 4 tests running: public:15:exp_3, public:14:exp_2, public:13:exp_1, public:12:less.
2018-03-12T04:20:20+00:00 MDaleDeskTopLinux#01 I: End test public:13:exp_1.
2018-03-12T04:20:20+00:00 MDaleDeskTopLinux#00 I: 4 tests running: public:15:exp_3, public:14:exp_2, public:13:exp_1, public:12:less.
2018-03-12T04:20:20+00:00 MDaleDeskTopLinux#04 I: Test public:12:less is successful.
2018-03-12T04:20:20+00:00 MDaleDeskTopLinux#00 I: 4 tests running: public:16:ifelse, public:15:exp_3, public:14:exp_2, public:12:less.
2018-03-12T04:20:20+00:00 MDaleDeskTopLinux#04 I: End test public:12:less.
2018-03-12T04:20:20+00:00 MDaleDeskTopLinux#01 I: Start test public:16:ifelse.
2018-03-12T04:20:20+00:00 MDaleDeskTopLinux#00 I: 4 tests running: public:16:ifelse, public:15:exp_3, public:14:exp_2, public:12:less.
2018-03-12T04:20:20+00:00 MDaleDeskTopLinux#00 I: 4 tests running: public:17:if_else_while, public:16:ifelse, public:15:exp_3, public:14:exp_2.
2018-03-12T04:20:20+00:00 MDaleDeskTopLinux#04 I: Start test public:17:if_else_while.
2018-03-12T04:20:20+00:00 MDaleDeskTopLinux#00 I: 4 tests running: public:17:if_else_while, public:16:ifelse, public:15:exp_3, public:14:exp_2.
2018-03-12T04:20:20+00:00 MDaleDeskTopLinux#03 I: Test public:14:exp_2 is successful.
2018-03-12T04:20:20+00:00 MDaleDeskTopLinux#00 I: 4 tests running: public:17:if_else_while, public:16:ifelse, public:15:exp_3, public:14:exp_2.
2018-03-12T04:20:20+00:00 MDaleDeskTopLinux#03 I: End test public:14:exp_2.
2018-03-12T04:20:20+00:00 MDaleDeskTopLinux#00 I: 4 tests running: public:17:if_else_while, public:16:ifelse, public:15:exp_3, public:14:exp_2.
2018-03-12T04:20:20+00:00 MDaleDeskTopLinux#01 I: Test public:16:ifelse is successful.
2018-03-12T04:20:20+00:00 MDaleDeskTopLinux#00 I: 4 tests running: public:18:while, public:17:if_else_while, public:16:ifelse, public:15:exp_3.
2018-03-12T04:20:20+00:00 MDaleDeskTopLinux#02 I: Test public:15:exp_3 is successful.
2018-03-12T04:20:20+00:00 MDaleDeskTopLinux#01 I: End test public:16:ifelse.
2018-03-12T04:20:20+00:00 MDaleDeskTopLinux#03 I: Start test public:18:while.
2018-03-12T04:20:20+00:00 MDaleDeskTopLinux#00 I: 4 tests running: public:18:while, public:17:if_else_while, public:16:ifelse, public:15:exp_3.
2018-03-12T04:20:20+00:00 MDaleDeskTopLinux#02 I: End test public:15:exp_3.
2018-03-12T04:20:20+00:00 MDaleDeskTopLinux#00 I: 4 tests running: public:19:nested_ifelse, public:18:while, public:17:if_else_while, public:15:exp_3.
2018-03-12T04:20:20+00:00 MDaleDeskTopLinux#01 I: Start test public:19:nested_ifelse.
2018-03-12T04:20:20+00:00 MDaleDeskTopLinux#00 I: 4 tests running: public:20:nested_while, public:19:nested_ifelse, public:18:while, public:17:if_else_while.
2018-03-12T04:20:20+00:00 MDaleDeskTopLinux#04 I: Test public:17:if_else_while is successful.
2018-03-12T04:20:20+00:00 MDaleDeskTopLinux#02 I: Start test public:20:nested_while.
2018-03-12T04:20:20+00:00 MDaleDeskTopLinux#00 I: 4 tests running: public:20:nested_while, public:19:nested_ifelse, public:18:while, public:17:if_else_while.
2018-03-12T04:20:20+00:00 MDaleDeskTopLinux#04 I: End test public:17:if_else_while.
2018-03-12T04:20:20+00:00 MDaleDeskTopLinux#03 I: Test public:18:while is successful.
2018-03-12T04:20:20+00:00 MDaleDeskTopLinux#01 I: Test public:19:nested_ifelse is successful.
2018-03-12T04:20:20+00:00 MDaleDeskTopLinux#02 I: Test public:20:nested_while is successful.
2018-03-12T04:20:20+00:00 MDaleDeskTopLinux#00 I: 4 tests running: public:20:nested_while, public:19:nested_ifelse, public:18:while, public:17:if_else_while.
2018-03-12T04:20:20+00:00 MDaleDeskTopLinux#03 I: End test public:18:while.
2018-03-12T04:20:20+00:00 MDaleDeskTopLinux#01 I: End test public:19:nested_ifelse.
2018-03-12T04:20:20+00:00 MDaleDeskTopLinux#02 I: End test public:20:nested_while.
2018-03-12T04:20:20+00:00 MDaleDeskTopLinux#00 I: 4 tests running: public:21:main, public:20:nested_while, public:19:nested_ifelse, public:18:while.
2018-03-12T04:20:20+00:00 MDaleDeskTopLinux#04 I: Start test public:21:main.
2018-03-12T04:20:20+00:00 MDaleDeskTopLinux#00 I: 4 tests running: public:24:test_3, public:23:test_2, public:22:test_1, public:21:main.
2018-03-12T04:20:20+00:00 MDaleDeskTopLinux#02 I: Start test public:22:test_1.
2018-03-12T04:20:20+00:00 MDaleDeskTopLinux#01 I: Start test public:23:test_2.
2018-03-12T04:20:20+00:00 MDaleDeskTopLinux#03 I: Start test public:24:test_3.
2018-03-12T04:20:20+00:00 MDaleDeskTopLinux#00 I: 4 tests running: public:24:test_3, public:23:test_2, public:22:test_1, public:21:main.
2018-03-12T04:20:20+00:00 MDaleDeskTopLinux#04 I: Test public:21:main is successful.
2018-03-12T04:20:20+00:00 MDaleDeskTopLinux#00 I: 4 tests running: public:24:test_3, public:23:test_2, public:22:test_1, public:21:main.
2018-03-12T04:20:20+00:00 MDaleDeskTopLinux#04 I: End test public:21:main.
2018-03-12T04:20:20+00:00 MDaleDeskTopLinux#00 I: 4 tests running: public:24:test_3, public:23:test_2, public:22:test_1, public:21:main.
2018-03-12T04:20:20+00:00 MDaleDeskTopLinux#03 I: Test public:24:test_3 is successful.
2018-03-12T04:20:20+00:00 MDaleDeskTopLinux#00 I: 4 tests running: public:25:stmt_fail_basic, public:24:test_3, public:23:test_2, public:22:test_1.
2018-03-12T04:20:20+00:00 MDaleDeskTopLinux#01 I: Test public:23:test_2 is successful.
2018-03-12T04:20:20+00:00 MDaleDeskTopLinux#03 I: End test public:24:test_3.
2018-03-12T04:20:20+00:00 MDaleDeskTopLinux#04 I: Start test public:25:stmt_fail_basic.
2018-03-12T04:20:20+00:00 MDaleDeskTopLinux#00 I: 4 tests running: public:25:stmt_fail_basic, public:24:test_3, public:23:test_2, public:22:test_1.
2018-03-12T04:20:20+00:00 MDaleDeskTopLinux#02 I: Test public:22:test_1 is successful.
2018-03-12T04:20:20+00:00 MDaleDeskTopLinux#01 I: End test public:23:test_2.
2018-03-12T04:20:20+00:00 MDaleDeskTopLinux#00 I: Still 4 tests running : public:26:stmt_fail_control, public:25:stmt_fail_basic, public:23:test_2, public:22:test_1.
2018-03-12T04:20:20+00:00 MDaleDeskTopLinux#00 I: 4 tests running: public:26:stmt_fail_control, public:25:stmt_fail_basic, public:23:test_2, public:22:test_1.
2018-03-12T04:20:20+00:00 MDaleDeskTopLinux#02 I: End test public:22:test_1.
2018-03-12T04:20:20+00:00 MDaleDeskTopLinux#03 I: Start test public:26:stmt_fail_control.
2018-03-12T04:20:20+00:00 MDaleDeskTopLinux#00 I: Still 3 tests running : public:26:stmt_fail_control, public:25:stmt_fail_basic, public:22:test_1.
2018-03-12T04:20:20+00:00 MDaleDeskTopLinux#00 I: 3 tests running: public:26:stmt_fail_control, public:25:stmt_fail_basic, public:22:test_1.
2018-03-12T04:20:20+00:00 MDaleDeskTopLinux#00 I: Still 2 tests running : public:26:stmt_fail_control, public:25:stmt_fail_basic.
2018-03-12T04:20:20+00:00 MDaleDeskTopLinux#00 I: 2 tests running: public:26:stmt_fail_control, public:25:stmt_fail_basic.
2018-03-12T04:20:20+00:00 MDaleDeskTopLinux#04 I: Test public:25:stmt_fail_basic is successful.
2018-03-12T04:20:20+00:00 MDaleDeskTopLinux#00 I: Still 2 tests running : public:26:stmt_fail_control, public:25:stmt_fail_basic.
2018-03-12T04:20:20+00:00 MDaleDeskTopLinux#00 I: 2 tests running: public:26:stmt_fail_control, public:25:stmt_fail_basic.
2018-03-12T04:20:20+00:00 MDaleDeskTopLinux#04 I: End test public:25:stmt_fail_basic.
2018-03-12T04:20:20+00:00 MDaleDeskTopLinux#00 I: Still 2 tests running : public:26:stmt_fail_control, public:25:stmt_fail_basic.
2018-03-12T04:20:20+00:00 MDaleDeskTopLinux#00 I: 2 tests running: public:26:stmt_fail_control, public:25:stmt_fail_basic.
2018-03-12T04:20:20+00:00 MDaleDeskTopLinux#00 I: Still 1 tests running : public:26:stmt_fail_control.
2018-03-12T04:20:20+00:00 MDaleDeskTopLinux#00 I: 1 tests running: public:26:stmt_fail_control.
2018-03-12T04:20:20+00:00 MDaleDeskTopLinux#03 I: Test public:26:stmt_fail_control is successful.
2018-03-12T04:20:20+00:00 MDaleDeskTopLinux#00 I: Still 1 tests running : public:26:stmt_fail_control.
2018-03-12T04:20:20+00:00 MDaleDeskTopLinux#00 I: 1 tests running: public:26:stmt_fail_control.
2018-03-12T04:20:20+00:00 MDaleDeskTopLinux#03 I: End test public:26:stmt_fail_control.
2018-03-12T04:20:20+00:00 MDaleDeskTopLinux#00 I: Still 1 tests running : public:26:stmt_fail_control.
2018-03-12T04:20:20+00:00 MDaleDeskTopLinux#00 I: 1 tests running: public:26:stmt_fail_control.
2018-03-12T04:20:20+00:00 MDaleDeskTopLinux#00 I: 0 tests running: .
2018-03-12T04:20:20+00:00 MDaleDeskTopLinux#00 I: Worker MDaleDeskTopLinux#01 has ended.
2018-03-12T04:20:20+00:00 MDaleDeskTopLinux#00 I: Worker MDaleDeskTopLinux#02 has ended.
2018-03-12T04:20:20+00:00 MDaleDeskTopLinux#00 I: Worker MDaleDeskTopLinux#04 has ended.
2018-03-12T04:20:20+00:00 MDaleDeskTopLinux#00 I: Worker MDaleDeskTopLinux#03 has ended.
2018-03-12T04:20:20+00:00 MDaleDeskTopLinux#00 I: Used 4 worker during test execution.
2018-03-12T04:20:20+00:00 MDaleDeskTopLinux#00 I: Run 7 tests with shard MDaleDeskTopLinux#03.
2018-03-12T04:20:20+00:00 MDaleDeskTopLinux#00 I: Run 6 tests with shard MDaleDeskTopLinux#04.
2018-03-12T04:20:20+00:00 MDaleDeskTopLinux#00 I: Run 7 tests with shard MDaleDeskTopLinux#02.
2018-03-12T04:20:20+00:00 MDaleDeskTopLinux#00 I: Run 7 tests with shard MDaleDeskTopLinux#01.
2018-03-12T04:20:20+00:00 MDaleDeskTopLinux#00 I: ==============
2018-03-12T04:20:20+00:00 MDaleDeskTopLinux#00 I: Summary:
2018-03-12T04:20:20+00:00 MDaleDeskTopLinux#00 I: Test public:26:stmt_fail_control is successful.
2018-03-12T04:20:20+00:00 MDaleDeskTopLinux#00 I: Test public:25:stmt_fail_basic is successful.
2018-03-12T04:20:20+00:00 MDaleDeskTopLinux#00 I: Test public:22:test_1 is successful.
2018-03-12T04:20:20+00:00 MDaleDeskTopLinux#00 I: Test public:23:test_2 is successful.
2018-03-12T04:20:20+00:00 MDaleDeskTopLinux#00 I: Test public:24:test_3 is successful.
2018-03-12T04:20:20+00:00 MDaleDeskTopLinux#00 I: Test public:21:main is successful.
2018-03-12T04:20:20+00:00 MDaleDeskTopLinux#00 I: Test public:20:nested_while is successful.
2018-03-12T04:20:20+00:00 MDaleDeskTopLinux#00 I: Test public:19:nested_ifelse is successful.
2018-03-12T04:20:20+00:00 MDaleDeskTopLinux#00 I: Test public:18:while is successful.
2018-03-12T04:20:20+00:00 MDaleDeskTopLinux#00 I: Test public:17:if_else_while is successful.
2018-03-12T04:20:20+00:00 MDaleDeskTopLinux#00 I: Test public:15:exp_3 is successful.
2018-03-12T04:20:20+00:00 MDaleDeskTopLinux#00 I: Test public:16:ifelse is successful.
2018-03-12T04:20:20+00:00 MDaleDeskTopLinux#00 I: Test public:14:exp_2 is successful.
2018-03-12T04:20:20+00:00 MDaleDeskTopLinux#00 I: Test public:12:less is successful.
2018-03-12T04:20:20+00:00 MDaleDeskTopLinux#00 I: Test public:13:exp_1 is successful.
2018-03-12T04:20:20+00:00 MDaleDeskTopLinux#00 I: Test public:11:equal is successful.
2018-03-12T04:20:20+00:00 MDaleDeskTopLinux#00 I: Test public:10:notequal is successful.
2018-03-12T04:20:20+00:00 MDaleDeskTopLinux#00 I: Test public:9:assign_exp is successful.
2018-03-12T04:20:20+00:00 MDaleDeskTopLinux#00 I: Test public:7:assign_1 is successful.
2018-03-12T04:20:20+00:00 MDaleDeskTopLinux#00 I: Test public:8:assign_2 is successful.
2018-03-12T04:20:20+00:00 MDaleDeskTopLinux#00 I: Test public:6:define_2 is successful.
2018-03-12T04:20:20+00:00 MDaleDeskTopLinux#00 I: Test public:4:stmt_control is successful.
2018-03-12T04:20:20+00:00 MDaleDeskTopLinux#00 I: Test public:5:define_1 is successful.
2018-03-12T04:20:20+00:00 MDaleDeskTopLinux#00 I: Test public:3:stmt_basic is successful.
2018-03-12T04:20:20+00:00 MDaleDeskTopLinux#00 I: Test public:2:expr_fail is successful.
2018-03-12T04:20:20+00:00 MDaleDeskTopLinux#00 I: Test public:1:expr_ops is successful.
2018-03-12T04:20:20+00:00 MDaleDeskTopLinux#00 I: Test public:0:expr_basic is successful.
2018-03-12T04:20:20+00:00 MDaleDeskTopLinux#00 I: Ran: 27 tests in: 0.13 seconds.
2018-03-12T04:20:20+00:00 MDaleDeskTopLinux#00 I: Cases: 27.
2018-03-12T04:20:20+00:00 MDaleDeskTopLinux#00 I: Tried: 27.
2018-03-12T04:20:20+00:00 MDaleDeskTopLinux#00 I: Errors: 0.
2018-03-12T04:20:20+00:00 MDaleDeskTopLinux#00 I: Failures: 0.
2018-03-12T04:20:20+00:00 MDaleDeskTopLinux#00 I: Skip: 0.
2018-03-12T04:20:20+00:00 MDaleDeskTopLinux#00 I: Todo: 0.
2018-03-12T04:20:20+00:00 MDaleDeskTopLinux#00 I: Timeout: 0.
