2018-03-12T04:20:20+00:00 MDaleDeskTopLinux#02 I: Start test public:1:expr_ops.
2018-03-12T04:20:20+00:00 MDaleDeskTopLinux#02 I: Test public:1:expr_ops is successful.
2018-03-12T04:20:20+00:00 MDaleDeskTopLinux#02 I: End test public:1:expr_ops.
2018-03-12T04:20:20+00:00 MDaleDeskTopLinux#02 I: Start test public:5:define_1.
2018-03-12T04:20:20+00:00 MDaleDeskTopLinux#02 I: Test public:5:define_1 is successful.
2018-03-12T04:20:20+00:00 MDaleDeskTopLinux#02 I: End test public:5:define_1.
2018-03-12T04:20:20+00:00 MDaleDeskTopLinux#02 I: Start test public:8:assign_2.
2018-03-12T04:20:20+00:00 MDaleDeskTopLinux#02 I: Test public:8:assign_2 is successful.
2018-03-12T04:20:20+00:00 MDaleDeskTopLinux#02 I: End test public:8:assign_2.
2018-03-12T04:20:20+00:00 MDaleDeskTopLinux#02 I: Start test public:11:equal.
2018-03-12T04:20:20+00:00 MDaleDeskTopLinux#02 I: Test public:11:equal is successful.
2018-03-12T04:20:20+00:00 MDaleDeskTopLinux#02 I: End test public:11:equal.
2018-03-12T04:20:20+00:00 MDaleDeskTopLinux#02 I: Start test public:15:exp_3.
2018-03-12T04:20:20+00:00 MDaleDeskTopLinux#02 I: Test public:15:exp_3 is successful.
2018-03-12T04:20:20+00:00 MDaleDeskTopLinux#02 I: End test public:15:exp_3.
2018-03-12T04:20:20+00:00 MDaleDeskTopLinux#02 I: Start test public:20:nested_while.
2018-03-12T04:20:20+00:00 MDaleDeskTopLinux#02 I: Test public:20:nested_while is successful.
2018-03-12T04:20:20+00:00 MDaleDeskTopLinux#02 I: End test public:20:nested_while.
2018-03-12T04:20:20+00:00 MDaleDeskTopLinux#02 I: Start test public:22:test_1.
2018-03-12T04:20:20+00:00 MDaleDeskTopLinux#02 I: Test public:22:test_1 is successful.
2018-03-12T04:20:20+00:00 MDaleDeskTopLinux#02 I: End test public:22:test_1.
