2018-03-12T04:14:58+00:00 MDaleDeskTopLinux#00 I: Runner: processes
2018-03-12T04:14:58+00:00 MDaleDeskTopLinux#00 I: Chooser: simple
2018-03-12T04:14:58+00:00 MDaleDeskTopLinux#00 I: Configuration suite_name = "student"
2018-03-12T04:14:58+00:00 MDaleDeskTopLinux#00 I: Configuration cache_filename = "/home/mdale/330/ocaml/p3b/oUnit-$(suite_name).cache"
2018-03-12T04:14:58+00:00 MDaleDeskTopLinux#00 I: Configuration display = "true"
2018-03-12T04:14:58+00:00 MDaleDeskTopLinux#00 I: Configuration results_style_1_X = "false"
2018-03-12T04:14:58+00:00 MDaleDeskTopLinux#00 I: Configuration verbose = "false"
2018-03-12T04:14:58+00:00 MDaleDeskTopLinux#00 I: Configuration health_check_interval = "1."
2018-03-12T04:14:58+00:00 MDaleDeskTopLinux#00 I: Configuration testdata_dir = "none"
2018-03-12T04:14:58+00:00 MDaleDeskTopLinux#00 I: Configuration chooser = "simple"
2018-03-12T04:14:58+00:00 MDaleDeskTopLinux#00 I: Configuration output_html_dir = "none"
2018-03-12T04:14:58+00:00 MDaleDeskTopLinux#00 I: Configuration processes_kill_period = "5."
2018-03-12T04:14:58+00:00 MDaleDeskTopLinux#00 I: Configuration runner = "processes"
2018-03-12T04:14:58+00:00 MDaleDeskTopLinux#00 I: Configuration shards = "4"
2018-03-12T04:14:58+00:00 MDaleDeskTopLinux#00 I: Configuration processes_grace_period = "5."
2018-03-12T04:14:58+00:00 MDaleDeskTopLinux#00 I: Configuration log_encoding = "utf-8"
2018-03-12T04:14:58+00:00 MDaleDeskTopLinux#00 I: Configuration output_junit_file = "none"
2018-03-12T04:14:58+00:00 MDaleDeskTopLinux#00 I: Configuration output_file = "/home/mdale/330/ocaml/p3b/oUnit-$(suite_name)-$(shard_id).log"
2018-03-12T04:14:58+00:00 MDaleDeskTopLinux#00 I: Using 4 workers maximum.
2018-03-12T04:14:58+00:00 MDaleDeskTopLinux#00 I: Starting worker number MDaleDeskTopLinux#01.
2018-03-12T04:14:58+00:00 MDaleDeskTopLinux#00 I: Worker MDaleDeskTopLinux#01 started.
2018-03-12T04:14:58+00:00 MDaleDeskTopLinux#00 I: Starting worker number MDaleDeskTopLinux#02.
2018-03-12T04:14:58+00:00 MDaleDeskTopLinux#00 I: Worker MDaleDeskTopLinux#02 started.
2018-03-12T04:14:58+00:00 MDaleDeskTopLinux#00 I: Starting worker number MDaleDeskTopLinux#03.
2018-03-12T04:14:58+00:00 MDaleDeskTopLinux#00 I: Worker MDaleDeskTopLinux#03 started.
2018-03-12T04:14:58+00:00 MDaleDeskTopLinux#00 I: Still 3 tests running : student:2:test_1, student:1:with_output, student:0:no_output.
2018-03-12T04:14:58+00:00 MDaleDeskTopLinux#00 I: 3 tests running: student:2:test_1, student:1:with_output, student:0:no_output.
2018-03-12T04:14:58+00:00 MDaleDeskTopLinux#01 I: Start test student:0:no_output.
2018-03-12T04:14:58+00:00 MDaleDeskTopLinux#00 I: Still 3 tests running : student:2:test_1, student:1:with_output, student:0:no_output.
2018-03-12T04:14:58+00:00 MDaleDeskTopLinux#00 I: 3 tests running: student:2:test_1, student:1:with_output, student:0:no_output.
2018-03-12T04:14:58+00:00 MDaleDeskTopLinux#02 I: Start test student:1:with_output.
2018-03-12T04:14:58+00:00 MDaleDeskTopLinux#03 I: Start test student:2:test_1.
2018-03-12T04:14:58+00:00 MDaleDeskTopLinux#00 I: Still 3 tests running : student:2:test_1, student:1:with_output, student:0:no_output.
2018-03-12T04:14:58+00:00 MDaleDeskTopLinux#00 I: 3 tests running: student:2:test_1, student:1:with_output, student:0:no_output.
2018-03-12T04:14:58+00:00 MDaleDeskTopLinux#01 I: Test student:0:no_output is successful.
2018-03-12T04:14:58+00:00 MDaleDeskTopLinux#00 I: Still 3 tests running : student:2:test_1, student:1:with_output, student:0:no_output.
2018-03-12T04:14:58+00:00 MDaleDeskTopLinux#00 I: 3 tests running: student:2:test_1, student:1:with_output, student:0:no_output.
2018-03-12T04:14:58+00:00 MDaleDeskTopLinux#01 I: End test student:0:no_output.
2018-03-12T04:14:58+00:00 MDaleDeskTopLinux#00 I: Still 3 tests running : student:2:test_1, student:1:with_output, student:0:no_output.
2018-03-12T04:14:58+00:00 MDaleDeskTopLinux#00 I: 3 tests running: student:2:test_1, student:1:with_output, student:0:no_output.
2018-03-12T04:14:58+00:00 MDaleDeskTopLinux#00 I: Still 2 tests running : student:2:test_1, student:1:with_output.
2018-03-12T04:14:58+00:00 MDaleDeskTopLinux#00 I: 2 tests running: student:2:test_1, student:1:with_output.
2018-03-12T04:14:58+00:00 MDaleDeskTopLinux#02 I: Test student:1:with_output is successful.
2018-03-12T04:14:58+00:00 MDaleDeskTopLinux#00 I: Still 2 tests running : student:2:test_1, student:1:with_output.
2018-03-12T04:14:58+00:00 MDaleDeskTopLinux#00 I: 2 tests running: student:2:test_1, student:1:with_output.
2018-03-12T04:14:58+00:00 MDaleDeskTopLinux#02 I: End test student:1:with_output.
2018-03-12T04:14:58+00:00 MDaleDeskTopLinux#00 I: Still 2 tests running : student:2:test_1, student:1:with_output.
2018-03-12T04:14:58+00:00 MDaleDeskTopLinux#00 I: 2 tests running: student:2:test_1, student:1:with_output.
2018-03-12T04:14:58+00:00 MDaleDeskTopLinux#00 I: Still 1 tests running : student:2:test_1.
2018-03-12T04:14:58+00:00 MDaleDeskTopLinux#00 I: 1 tests running: student:2:test_1.
2018-03-12T04:14:58+00:00 MDaleDeskTopLinux#03 E: Test student:2:test_1 has failed.
2018-03-12T04:14:58+00:00 MDaleDeskTopLinux#03 E: not equal in test student:2:test_1.
2018-03-12T04:14:58+00:00 MDaleDeskTopLinux#03 E: Raised at file "src/oUnitAssert.ml", line 45, characters 8-27
2018-03-12T04:14:58+00:00 MDaleDeskTopLinux#03 E: Called from unknown location
2018-03-12T04:14:58+00:00 MDaleDeskTopLinux#03 E: Called from file "src/oUnitRunner.ml", line 46, characters 13-26
2018-03-12T04:14:58+00:00 MDaleDeskTopLinux#03 E: 
2018-03-12T04:14:58+00:00 MDaleDeskTopLinux#00 I: Still 1 tests running : student:2:test_1.
2018-03-12T04:14:58+00:00 MDaleDeskTopLinux#00 I: 1 tests running: student:2:test_1.
2018-03-12T04:14:58+00:00 MDaleDeskTopLinux#03 I: End test student:2:test_1.
2018-03-12T04:14:58+00:00 MDaleDeskTopLinux#00 I: Still 1 tests running : student:2:test_1.
2018-03-12T04:14:58+00:00 MDaleDeskTopLinux#00 I: 1 tests running: student:2:test_1.
2018-03-12T04:14:58+00:00 MDaleDeskTopLinux#00 I: 0 tests running: .
2018-03-12T04:14:58+00:00 MDaleDeskTopLinux#00 I: Worker MDaleDeskTopLinux#01 has ended.
2018-03-12T04:14:58+00:00 MDaleDeskTopLinux#00 I: Worker MDaleDeskTopLinux#02 has ended.
2018-03-12T04:14:58+00:00 MDaleDeskTopLinux#00 I: Worker MDaleDeskTopLinux#03 has ended.
2018-03-12T04:14:58+00:00 MDaleDeskTopLinux#00 I: Used 3 worker during test execution.
2018-03-12T04:14:58+00:00 MDaleDeskTopLinux#00 I: Run 1 tests with shard MDaleDeskTopLinux#03.
2018-03-12T04:14:58+00:00 MDaleDeskTopLinux#00 I: Run 1 tests with shard MDaleDeskTopLinux#02.
2018-03-12T04:14:58+00:00 MDaleDeskTopLinux#00 I: Run 1 tests with shard MDaleDeskTopLinux#01.
2018-03-12T04:14:58+00:00 MDaleDeskTopLinux#00 I: ==============
2018-03-12T04:14:58+00:00 MDaleDeskTopLinux#00 I: Summary:
2018-03-12T04:14:58+00:00 MDaleDeskTopLinux#00 E: Test student:2:test_1 has failed.
2018-03-12T04:14:58+00:00 MDaleDeskTopLinux#00 E: not equal in test student:2:test_1.
2018-03-12T04:14:58+00:00 MDaleDeskTopLinux#00 E: Raised at file "src/oUnitAssert.ml", line 45, characters 8-27
2018-03-12T04:14:58+00:00 MDaleDeskTopLinux#00 E: Called from unknown location
2018-03-12T04:14:58+00:00 MDaleDeskTopLinux#00 E: Called from file "src/oUnitRunner.ml", line 46, characters 13-26
2018-03-12T04:14:58+00:00 MDaleDeskTopLinux#00 E: 
2018-03-12T04:14:58+00:00 MDaleDeskTopLinux#00 I: Test student:1:with_output is successful.
2018-03-12T04:14:58+00:00 MDaleDeskTopLinux#00 I: Test student:0:no_output is successful.
2018-03-12T04:14:58+00:00 MDaleDeskTopLinux#00 I: Ran: 3 tests in: 0.15 seconds.
2018-03-12T04:14:58+00:00 MDaleDeskTopLinux#00 I: Cases: 3.
2018-03-12T04:14:58+00:00 MDaleDeskTopLinux#00 I: Tried: 3.
2018-03-12T04:14:58+00:00 MDaleDeskTopLinux#00 I: Errors: 0.
2018-03-12T04:14:58+00:00 MDaleDeskTopLinux#00 I: Failures: 1.
2018-03-12T04:14:58+00:00 MDaleDeskTopLinux#00 I: Skip: 0.
2018-03-12T04:14:58+00:00 MDaleDeskTopLinux#00 I: Todo: 0.
2018-03-12T04:14:58+00:00 MDaleDeskTopLinux#00 I: Timeout: 0.
