2018-02-15T22:03:58+00:00 maxl-Gazelle#01 I: Start test public:0:divides.
2018-02-15T22:03:58+00:00 maxl-Gazelle#01 I: Test public:0:divides is successful.
2018-02-15T22:03:58+00:00 maxl-Gazelle#01 I: End test public:0:divides.
2018-02-15T22:03:58+00:00 maxl-Gazelle#01 I: Start test public:4:max_first_three.
2018-02-15T22:03:58+00:00 maxl-Gazelle#01 I: Test public:4:max_first_three is successful.
2018-02-15T22:03:58+00:00 maxl-Gazelle#01 I: End test public:4:max_first_three.
2018-02-15T22:03:58+00:00 maxl-Gazelle#01 I: Start test public:7:zip.
2018-02-15T22:03:58+00:00 maxl-Gazelle#01 E: Test public:7:zip exited with an error.
2018-02-15T22:03:58+00:00 maxl-Gazelle#01 E: Failure("zip unimplemented") in test public:7:zip.
2018-02-15T22:03:58+00:00 maxl-Gazelle#01 E: Raised at file "pervasives.ml", line 30, characters 22-33
2018-02-15T22:03:58+00:00 maxl-Gazelle#01 E: Called from file "src/oUnitRunner.ml", line 46, characters 13-26
2018-02-15T22:03:58+00:00 maxl-Gazelle#01 E: 
2018-02-15T22:03:58+00:00 maxl-Gazelle#01 I: End test public:7:zip.
2018-02-15T22:03:58+00:00 maxl-Gazelle#01 I: Start test public:11:remove.
2018-02-15T22:03:58+00:00 maxl-Gazelle#01 E: Test public:11:remove exited with an error.
2018-02-15T22:03:58+00:00 maxl-Gazelle#01 E: Failure("remove unimplemented") in test public:11:remove.
2018-02-15T22:03:58+00:00 maxl-Gazelle#01 E: Raised at file "pervasives.ml", line 30, characters 22-33
2018-02-15T22:03:58+00:00 maxl-Gazelle#01 E: Called from file "src/oUnitRunner.ml", line 46, characters 13-26
2018-02-15T22:03:58+00:00 maxl-Gazelle#01 E: 
2018-02-15T22:03:58+00:00 maxl-Gazelle#01 I: End test public:11:remove.
