2018-02-15T22:03:58+00:00 maxl-Gazelle#02 I: Start test public:1:gcd.
2018-02-15T22:03:58+00:00 maxl-Gazelle#02 I: Test public:1:gcd is successful.
2018-02-15T22:03:58+00:00 maxl-Gazelle#02 I: End test public:1:gcd.
2018-02-15T22:03:58+00:00 maxl-Gazelle#02 I: Start test public:5:partial_sum.
2018-02-15T22:03:58+00:00 maxl-Gazelle#02 E: Test public:5:partial_sum exited with an error.
2018-02-15T22:03:58+00:00 maxl-Gazelle#02 E: Failure("partial_sum unimplemented") in test public:5:partial_sum.
2018-02-15T22:03:58+00:00 maxl-Gazelle#02 E: Raised at file "pervasives.ml", line 30, characters 22-33
2018-02-15T22:03:58+00:00 maxl-Gazelle#02 E: Called from file "src/oUnitRunner.ml", line 46, characters 13-26
2018-02-15T22:03:58+00:00 maxl-Gazelle#02 E: 
2018-02-15T22:03:58+00:00 maxl-Gazelle#02 I: End test public:5:partial_sum.
2018-02-15T22:03:58+00:00 maxl-Gazelle#02 I: Start test public:6:partial_sums.
2018-02-15T22:03:58+00:00 maxl-Gazelle#02 E: Test public:6:partial_sums exited with an error.
2018-02-15T22:03:58+00:00 maxl-Gazelle#02 E: Failure("partial_sums unimplemented") in test public:6:partial_sums.
2018-02-15T22:03:58+00:00 maxl-Gazelle#02 E: Raised at file "pervasives.ml", line 30, characters 22-33
2018-02-15T22:03:58+00:00 maxl-Gazelle#02 E: Called from file "src/oUnitRunner.ml", line 46, characters 13-26
2018-02-15T22:03:58+00:00 maxl-Gazelle#02 E: 
2018-02-15T22:03:58+00:00 maxl-Gazelle#02 I: End test public:6:partial_sums.
2018-02-15T22:03:58+00:00 maxl-Gazelle#02 I: Start test public:8:index.
2018-02-15T22:03:58+00:00 maxl-Gazelle#02 E: Test public:8:index exited with an error.
2018-02-15T22:03:58+00:00 maxl-Gazelle#02 E: Failure("index_x unimplemented") in test public:8:index.
2018-02-15T22:03:58+00:00 maxl-Gazelle#02 E: Raised at file "pervasives.ml", line 30, characters 22-33
2018-02-15T22:03:58+00:00 maxl-Gazelle#02 E: Called from file "src/oUnitRunner.ml", line 46, characters 13-26
2018-02-15T22:03:58+00:00 maxl-Gazelle#02 E: 
2018-02-15T22:03:58+00:00 maxl-Gazelle#02 I: End test public:8:index.
2018-02-15T22:03:58+00:00 maxl-Gazelle#02 I: Start test public:10:subset.
2018-02-15T22:03:58+00:00 maxl-Gazelle#02 E: Test public:10:subset exited with an error.
2018-02-15T22:03:58+00:00 maxl-Gazelle#02 E: Failure("insert unimplemented") in test public:10:subset.
2018-02-15T22:03:58+00:00 maxl-Gazelle#02 E: Raised at file "pervasives.ml", line 30, characters 22-33
2018-02-15T22:03:58+00:00 maxl-Gazelle#02 E: Called from file "src/oUnitRunner.ml", line 46, characters 13-26
2018-02-15T22:03:58+00:00 maxl-Gazelle#02 E: 
2018-02-15T22:03:58+00:00 maxl-Gazelle#02 I: End test public:10:subset.
2018-02-15T22:03:58+00:00 maxl-Gazelle#02 I: Start test public:14:product.
2018-02-15T22:03:58+00:00 maxl-Gazelle#02 E: Test public:14:product exited with an error.
2018-02-15T22:03:58+00:00 maxl-Gazelle#02 E: Failure("insert unimplemented") in test public:14:product.
2018-02-15T22:03:58+00:00 maxl-Gazelle#02 E: Raised at file "pervasives.ml", line 30, characters 22-33
2018-02-15T22:03:58+00:00 maxl-Gazelle#02 E: Called from file "src/oUnitRunner.ml", line 46, characters 13-26
2018-02-15T22:03:58+00:00 maxl-Gazelle#02 E: 
2018-02-15T22:03:58+00:00 maxl-Gazelle#02 I: End test public:14:product.
