2018-02-17T01:55:28+00:00 MDaleDeskTopLinux#00 I: Runner: processes
2018-02-17T01:55:28+00:00 MDaleDeskTopLinux#00 I: Chooser: simple
2018-02-17T01:55:28+00:00 MDaleDeskTopLinux#00 I: Configuration suite_name = "public"
2018-02-17T01:55:28+00:00 MDaleDeskTopLinux#00 I: Configuration cache_filename = "/home/mdale/330/ocaml/p2a/_build/oUnit-$(suite_name).cache"
2018-02-17T01:55:28+00:00 MDaleDeskTopLinux#00 I: Configuration display = "true"
2018-02-17T01:55:28+00:00 MDaleDeskTopLinux#00 I: Configuration results_style_1_X = "false"
2018-02-17T01:55:28+00:00 MDaleDeskTopLinux#00 I: Configuration verbose = "false"
2018-02-17T01:55:28+00:00 MDaleDeskTopLinux#00 I: Configuration health_check_interval = "1."
2018-02-17T01:55:28+00:00 MDaleDeskTopLinux#00 I: Configuration testdata_dir = "none"
2018-02-17T01:55:28+00:00 MDaleDeskTopLinux#00 I: Configuration chooser = "simple"
2018-02-17T01:55:28+00:00 MDaleDeskTopLinux#00 I: Configuration output_html_dir = "none"
2018-02-17T01:55:28+00:00 MDaleDeskTopLinux#00 I: Configuration processes_kill_period = "5."
2018-02-17T01:55:28+00:00 MDaleDeskTopLinux#00 I: Configuration runner = "processes"
2018-02-17T01:55:28+00:00 MDaleDeskTopLinux#00 I: Configuration shards = "4"
2018-02-17T01:55:28+00:00 MDaleDeskTopLinux#00 I: Configuration processes_grace_period = "5."
2018-02-17T01:55:28+00:00 MDaleDeskTopLinux#00 I: Configuration log_encoding = "utf-8"
2018-02-17T01:55:28+00:00 MDaleDeskTopLinux#00 I: Configuration output_junit_file = "none"
2018-02-17T01:55:28+00:00 MDaleDeskTopLinux#00 I: Configuration output_file = "/home/mdale/330/ocaml/p2a/_build/oUnit-$(suite_name)-$(shard_id).log"
2018-02-17T01:55:28+00:00 MDaleDeskTopLinux#00 I: Using 4 workers maximum.
2018-02-17T01:55:28+00:00 MDaleDeskTopLinux#00 I: Starting worker number MDaleDeskTopLinux#01.
2018-02-17T01:55:28+00:00 MDaleDeskTopLinux#00 I: Worker MDaleDeskTopLinux#01 started.
2018-02-17T01:55:28+00:00 MDaleDeskTopLinux#00 I: Starting worker number MDaleDeskTopLinux#02.
2018-02-17T01:55:28+00:00 MDaleDeskTopLinux#00 I: Worker MDaleDeskTopLinux#02 started.
2018-02-17T01:55:28+00:00 MDaleDeskTopLinux#00 I: Starting worker number MDaleDeskTopLinux#03.
2018-02-17T01:55:28+00:00 MDaleDeskTopLinux#00 I: Worker MDaleDeskTopLinux#03 started.
2018-02-17T01:55:28+00:00 MDaleDeskTopLinux#00 I: Starting worker number MDaleDeskTopLinux#04.
2018-02-17T01:55:28+00:00 MDaleDeskTopLinux#00 I: Worker MDaleDeskTopLinux#04 started.
2018-02-17T01:55:28+00:00 MDaleDeskTopLinux#00 I: 4 tests running: public:3:second_element, public:2:ack, public:1:gcd, public:0:divides.
2018-02-17T01:55:28+00:00 MDaleDeskTopLinux#01 I: Start test public:0:divides.
2018-02-17T01:55:28+00:00 MDaleDeskTopLinux#03 I: Start test public:2:ack.
2018-02-17T01:55:28+00:00 MDaleDeskTopLinux#00 I: 4 tests running: public:3:second_element, public:2:ack, public:1:gcd, public:0:divides.
2018-02-17T01:55:28+00:00 MDaleDeskTopLinux#01 I: Test public:0:divides is successful.
2018-02-17T01:55:28+00:00 MDaleDeskTopLinux#00 I: 4 tests running: public:3:second_element, public:2:ack, public:1:gcd, public:0:divides.
2018-02-17T01:55:28+00:00 MDaleDeskTopLinux#01 I: End test public:0:divides.
2018-02-17T01:55:28+00:00 MDaleDeskTopLinux#02 I: Start test public:1:gcd.
2018-02-17T01:55:28+00:00 MDaleDeskTopLinux#00 I: 4 tests running: public:3:second_element, public:2:ack, public:1:gcd, public:0:divides.
2018-02-17T01:55:28+00:00 MDaleDeskTopLinux#03 I: Test public:2:ack is successful.
2018-02-17T01:55:28+00:00 MDaleDeskTopLinux#00 I: 4 tests running: public:4:max_first_three, public:3:second_element, public:2:ack, public:1:gcd.
2018-02-17T01:55:28+00:00 MDaleDeskTopLinux#03 I: End test public:2:ack.
2018-02-17T01:55:28+00:00 MDaleDeskTopLinux#00 I: 4 tests running: public:4:max_first_three, public:3:second_element, public:2:ack, public:1:gcd.
2018-02-17T01:55:28+00:00 MDaleDeskTopLinux#01 I: Start test public:4:max_first_three.
2018-02-17T01:55:28+00:00 MDaleDeskTopLinux#00 I: 4 tests running: public:5:partial_sum, public:4:max_first_three, public:3:second_element, public:1:gcd.
2018-02-17T01:55:28+00:00 MDaleDeskTopLinux#03 I: Start test public:5:partial_sum.
2018-02-17T01:55:28+00:00 MDaleDeskTopLinux#00 I: 4 tests running: public:5:partial_sum, public:4:max_first_three, public:3:second_element, public:1:gcd.
2018-02-17T01:55:28+00:00 MDaleDeskTopLinux#02 I: Test public:1:gcd is successful.
2018-02-17T01:55:28+00:00 MDaleDeskTopLinux#00 I: 4 tests running: public:5:partial_sum, public:4:max_first_three, public:3:second_element, public:1:gcd.
2018-02-17T01:55:28+00:00 MDaleDeskTopLinux#02 I: End test public:1:gcd.
2018-02-17T01:55:28+00:00 MDaleDeskTopLinux#01 I: Test public:4:max_first_three is successful.
2018-02-17T01:55:28+00:00 MDaleDeskTopLinux#00 I: 4 tests running: public:5:partial_sum, public:4:max_first_three, public:3:second_element, public:1:gcd.
2018-02-17T01:55:28+00:00 MDaleDeskTopLinux#01 I: End test public:4:max_first_three.
2018-02-17T01:55:28+00:00 MDaleDeskTopLinux#03 I: Test public:5:partial_sum is successful.
2018-02-17T01:55:28+00:00 MDaleDeskTopLinux#00 I: 4 tests running: public:6:partial_sums, public:5:partial_sum, public:4:max_first_three, public:3:second_element.
2018-02-17T01:55:28+00:00 MDaleDeskTopLinux#03 I: End test public:5:partial_sum.
2018-02-17T01:55:28+00:00 MDaleDeskTopLinux#00 I: 4 tests running: public:7:zip, public:6:partial_sums, public:5:partial_sum, public:3:second_element.
2018-02-17T01:55:28+00:00 MDaleDeskTopLinux#02 I: Start test public:6:partial_sums.
2018-02-17T01:55:28+00:00 MDaleDeskTopLinux#01 I: Start test public:7:zip.
2018-02-17T01:55:28+00:00 MDaleDeskTopLinux#00 I: 4 tests running: public:8:index, public:7:zip, public:6:partial_sums, public:3:second_element.
2018-02-17T01:55:28+00:00 MDaleDeskTopLinux#03 I: Start test public:8:index.
2018-02-17T01:55:28+00:00 MDaleDeskTopLinux#00 I: 4 tests running: public:8:index, public:7:zip, public:6:partial_sums, public:3:second_element.
2018-02-17T01:55:28+00:00 MDaleDeskTopLinux#01 I: Test public:7:zip is successful.
2018-02-17T01:55:28+00:00 MDaleDeskTopLinux#00 I: 4 tests running: public:8:index, public:7:zip, public:6:partial_sums, public:3:second_element.
2018-02-17T01:55:28+00:00 MDaleDeskTopLinux#02 I: Test public:6:partial_sums is successful.
2018-02-17T01:55:28+00:00 MDaleDeskTopLinux#01 I: End test public:7:zip.
2018-02-17T01:55:28+00:00 MDaleDeskTopLinux#03 I: Test public:8:index is successful.
2018-02-17T01:55:28+00:00 MDaleDeskTopLinux#00 I: 4 tests running: public:8:index, public:7:zip, public:6:partial_sums, public:3:second_element.
2018-02-17T01:55:28+00:00 MDaleDeskTopLinux#02 I: End test public:6:partial_sums.
2018-02-17T01:55:28+00:00 MDaleDeskTopLinux#03 I: End test public:8:index.
2018-02-17T01:55:28+00:00 MDaleDeskTopLinux#00 I: 4 tests running: public:9:elem, public:8:index, public:6:partial_sums, public:3:second_element.
2018-02-17T01:55:28+00:00 MDaleDeskTopLinux#00 I: 4 tests running: public:11:remove, public:10:subset, public:9:elem, public:3:second_element.
2018-02-17T01:55:28+00:00 MDaleDeskTopLinux#01 I: Start test public:9:elem.
2018-02-17T01:55:28+00:00 MDaleDeskTopLinux#03 I: Start test public:10:subset.
2018-02-17T01:55:28+00:00 MDaleDeskTopLinux#00 I: 4 tests running: public:11:remove, public:10:subset, public:9:elem, public:3:second_element.
2018-02-17T01:55:28+00:00 MDaleDeskTopLinux#02 I: Start test public:11:remove.
2018-02-17T01:55:28+00:00 MDaleDeskTopLinux#00 I: 4 tests running: public:11:remove, public:10:subset, public:9:elem, public:3:second_element.
2018-02-17T01:55:28+00:00 MDaleDeskTopLinux#01 I: Test public:9:elem is successful.
2018-02-17T01:55:28+00:00 MDaleDeskTopLinux#00 I: 4 tests running: public:11:remove, public:10:subset, public:9:elem, public:3:second_element.
2018-02-17T01:55:28+00:00 MDaleDeskTopLinux#01 I: End test public:9:elem.
2018-02-17T01:55:28+00:00 MDaleDeskTopLinux#03 I: Test public:10:subset is successful.
2018-02-17T01:55:28+00:00 MDaleDeskTopLinux#00 I: 4 tests running: public:11:remove, public:10:subset, public:9:elem, public:3:second_element.
2018-02-17T01:55:28+00:00 MDaleDeskTopLinux#03 I: End test public:10:subset.
2018-02-17T01:55:28+00:00 MDaleDeskTopLinux#00 I: 4 tests running: public:12:union, public:11:remove, public:10:subset, public:3:second_element.
2018-02-17T01:55:28+00:00 MDaleDeskTopLinux#02 I: Test public:11:remove is successful.
2018-02-17T01:55:28+00:00 MDaleDeskTopLinux#01 I: Start test public:12:union.
2018-02-17T01:55:28+00:00 MDaleDeskTopLinux#00 I: 4 tests running: public:13:intersection, public:12:union, public:11:remove, public:3:second_element.
2018-02-17T01:55:28+00:00 MDaleDeskTopLinux#04 I: Start test public:3:second_element.
2018-02-17T01:55:28+00:00 MDaleDeskTopLinux#02 I: End test public:11:remove.
2018-02-17T01:55:28+00:00 MDaleDeskTopLinux#03 I: Start test public:13:intersection.
2018-02-17T01:55:28+00:00 MDaleDeskTopLinux#00 I: 4 tests running: public:13:intersection, public:12:union, public:11:remove, public:3:second_element.
2018-02-17T01:55:28+00:00 MDaleDeskTopLinux#00 I: Still 4 tests running : public:14:product, public:13:intersection, public:12:union, public:3:second_element.
2018-02-17T01:55:28+00:00 MDaleDeskTopLinux#00 I: 4 tests running: public:14:product, public:13:intersection, public:12:union, public:3:second_element.
2018-02-17T01:55:28+00:00 MDaleDeskTopLinux#02 I: Start test public:14:product.
2018-02-17T01:55:28+00:00 MDaleDeskTopLinux#00 I: Still 4 tests running : public:14:product, public:13:intersection, public:12:union, public:3:second_element.
2018-02-17T01:55:28+00:00 MDaleDeskTopLinux#00 I: 4 tests running: public:14:product, public:13:intersection, public:12:union, public:3:second_element.
2018-02-17T01:55:28+00:00 MDaleDeskTopLinux#01 I: Test public:12:union is successful.
2018-02-17T01:55:28+00:00 MDaleDeskTopLinux#00 I: Still 4 tests running : public:14:product, public:13:intersection, public:12:union, public:3:second_element.
2018-02-17T01:55:28+00:00 MDaleDeskTopLinux#00 I: 4 tests running: public:14:product, public:13:intersection, public:12:union, public:3:second_element.
2018-02-17T01:55:28+00:00 MDaleDeskTopLinux#01 I: End test public:12:union.
2018-02-17T01:55:28+00:00 MDaleDeskTopLinux#03 I: Test public:13:intersection is successful.
2018-02-17T01:55:28+00:00 MDaleDeskTopLinux#00 I: Still 4 tests running : public:14:product, public:13:intersection, public:12:union, public:3:second_element.
2018-02-17T01:55:28+00:00 MDaleDeskTopLinux#00 I: 4 tests running: public:14:product, public:13:intersection, public:12:union, public:3:second_element.
2018-02-17T01:55:28+00:00 MDaleDeskTopLinux#04 I: Test public:3:second_element is successful.
2018-02-17T01:55:28+00:00 MDaleDeskTopLinux#03 I: End test public:13:intersection.
2018-02-17T01:55:28+00:00 MDaleDeskTopLinux#00 I: Still 3 tests running : public:14:product, public:13:intersection, public:3:second_element.
2018-02-17T01:55:28+00:00 MDaleDeskTopLinux#00 I: 3 tests running: public:14:product, public:13:intersection, public:3:second_element.
2018-02-17T01:55:28+00:00 MDaleDeskTopLinux#04 I: End test public:3:second_element.
2018-02-17T01:55:28+00:00 MDaleDeskTopLinux#00 I: Still 2 tests running : public:14:product, public:3:second_element.
2018-02-17T01:55:28+00:00 MDaleDeskTopLinux#00 I: 2 tests running: public:14:product, public:3:second_element.
2018-02-17T01:55:28+00:00 MDaleDeskTopLinux#02 I: Test public:14:product is successful.
2018-02-17T01:55:28+00:00 MDaleDeskTopLinux#00 I: Still 1 tests running : public:14:product.
2018-02-17T01:55:28+00:00 MDaleDeskTopLinux#00 I: 1 tests running: public:14:product.
2018-02-17T01:55:28+00:00 MDaleDeskTopLinux#02 I: End test public:14:product.
2018-02-17T01:55:28+00:00 MDaleDeskTopLinux#00 I: Still 1 tests running : public:14:product.
2018-02-17T01:55:28+00:00 MDaleDeskTopLinux#00 I: 1 tests running: public:14:product.
2018-02-17T01:55:28+00:00 MDaleDeskTopLinux#00 I: 0 tests running: .
2018-02-17T01:55:28+00:00 MDaleDeskTopLinux#00 I: Worker MDaleDeskTopLinux#01 has ended.
2018-02-17T01:55:28+00:00 MDaleDeskTopLinux#00 I: Worker MDaleDeskTopLinux#03 has ended.
2018-02-17T01:55:28+00:00 MDaleDeskTopLinux#00 I: Worker MDaleDeskTopLinux#04 has ended.
2018-02-17T01:55:28+00:00 MDaleDeskTopLinux#00 I: Worker MDaleDeskTopLinux#02 has ended.
2018-02-17T01:55:28+00:00 MDaleDeskTopLinux#00 I: Used 4 worker during test execution.
2018-02-17T01:55:28+00:00 MDaleDeskTopLinux#00 I: Run 5 tests with shard MDaleDeskTopLinux#03.
2018-02-17T01:55:28+00:00 MDaleDeskTopLinux#00 I: Run 1 tests with shard MDaleDeskTopLinux#04.
2018-02-17T01:55:28+00:00 MDaleDeskTopLinux#00 I: Run 4 tests with shard MDaleDeskTopLinux#02.
2018-02-17T01:55:28+00:00 MDaleDeskTopLinux#00 I: Run 5 tests with shard MDaleDeskTopLinux#01.
2018-02-17T01:55:28+00:00 MDaleDeskTopLinux#00 I: ==============
2018-02-17T01:55:28+00:00 MDaleDeskTopLinux#00 I: Summary:
2018-02-17T01:55:28+00:00 MDaleDeskTopLinux#00 I: Test public:14:product is successful.
2018-02-17T01:55:28+00:00 MDaleDeskTopLinux#00 I: Test public:3:second_element is successful.
2018-02-17T01:55:28+00:00 MDaleDeskTopLinux#00 I: Test public:13:intersection is successful.
2018-02-17T01:55:28+00:00 MDaleDeskTopLinux#00 I: Test public:12:union is successful.
2018-02-17T01:55:28+00:00 MDaleDeskTopLinux#00 I: Test public:11:remove is successful.
2018-02-17T01:55:28+00:00 MDaleDeskTopLinux#00 I: Test public:10:subset is successful.
2018-02-17T01:55:28+00:00 MDaleDeskTopLinux#00 I: Test public:9:elem is successful.
2018-02-17T01:55:28+00:00 MDaleDeskTopLinux#00 I: Test public:8:index is successful.
2018-02-17T01:55:28+00:00 MDaleDeskTopLinux#00 I: Test public:6:partial_sums is successful.
2018-02-17T01:55:28+00:00 MDaleDeskTopLinux#00 I: Test public:7:zip is successful.
2018-02-17T01:55:28+00:00 MDaleDeskTopLinux#00 I: Test public:5:partial_sum is successful.
2018-02-17T01:55:28+00:00 MDaleDeskTopLinux#00 I: Test public:4:max_first_three is successful.
2018-02-17T01:55:28+00:00 MDaleDeskTopLinux#00 I: Test public:1:gcd is successful.
2018-02-17T01:55:28+00:00 MDaleDeskTopLinux#00 I: Test public:2:ack is successful.
2018-02-17T01:55:28+00:00 MDaleDeskTopLinux#00 I: Test public:0:divides is successful.
2018-02-17T01:55:28+00:00 MDaleDeskTopLinux#00 I: Ran: 15 tests in: 0.11 seconds.
2018-02-17T01:55:28+00:00 MDaleDeskTopLinux#00 I: Cases: 15.
2018-02-17T01:55:28+00:00 MDaleDeskTopLinux#00 I: Tried: 15.
2018-02-17T01:55:28+00:00 MDaleDeskTopLinux#00 I: Errors: 0.
2018-02-17T01:55:28+00:00 MDaleDeskTopLinux#00 I: Failures: 0.
2018-02-17T01:55:28+00:00 MDaleDeskTopLinux#00 I: Skip: 0.
2018-02-17T01:55:28+00:00 MDaleDeskTopLinux#00 I: Todo: 0.
2018-02-17T01:55:28+00:00 MDaleDeskTopLinux#00 I: Timeout: 0.
