2018-04-14T22:31:27+00:00 MDaleDeskTopLinux#00 I: Runner: processes
2018-04-14T22:31:27+00:00 MDaleDeskTopLinux#00 I: Chooser: simple
2018-04-14T22:31:27+00:00 MDaleDeskTopLinux#00 I: Configuration suite_name = "public"
2018-04-14T22:31:27+00:00 MDaleDeskTopLinux#00 I: Configuration cache_filename = "/home/mdale/330/ocaml/p3a/_build/oUnit-$(suite_name).cache"
2018-04-14T22:31:27+00:00 MDaleDeskTopLinux#00 I: Configuration display = "true"
2018-04-14T22:31:27+00:00 MDaleDeskTopLinux#00 I: Configuration results_style_1_X = "false"
2018-04-14T22:31:27+00:00 MDaleDeskTopLinux#00 I: Configuration verbose = "false"
2018-04-14T22:31:27+00:00 MDaleDeskTopLinux#00 I: Configuration health_check_interval = "1."
2018-04-14T22:31:27+00:00 MDaleDeskTopLinux#00 I: Configuration testdata_dir = "none"
2018-04-14T22:31:27+00:00 MDaleDeskTopLinux#00 I: Configuration chooser = "simple"
2018-04-14T22:31:27+00:00 MDaleDeskTopLinux#00 I: Configuration output_html_dir = "none"
2018-04-14T22:31:27+00:00 MDaleDeskTopLinux#00 I: Configuration processes_kill_period = "5."
2018-04-14T22:31:27+00:00 MDaleDeskTopLinux#00 I: Configuration runner = "processes"
2018-04-14T22:31:27+00:00 MDaleDeskTopLinux#00 I: Configuration shards = "4"
2018-04-14T22:31:27+00:00 MDaleDeskTopLinux#00 I: Configuration processes_grace_period = "5."
2018-04-14T22:31:27+00:00 MDaleDeskTopLinux#00 I: Configuration log_encoding = "utf-8"
2018-04-14T22:31:27+00:00 MDaleDeskTopLinux#00 I: Configuration output_junit_file = "none"
2018-04-14T22:31:27+00:00 MDaleDeskTopLinux#00 I: Configuration output_file = "/home/mdale/330/ocaml/p3a/_build/oUnit-$(suite_name)-$(shard_id).log"
2018-04-14T22:31:27+00:00 MDaleDeskTopLinux#00 I: Using 4 workers maximum.
2018-04-14T22:31:27+00:00 MDaleDeskTopLinux#00 I: Starting worker number MDaleDeskTopLinux#01.
2018-04-14T22:31:27+00:00 MDaleDeskTopLinux#00 I: Worker MDaleDeskTopLinux#01 started.
2018-04-14T22:31:27+00:00 MDaleDeskTopLinux#00 I: Starting worker number MDaleDeskTopLinux#02.
2018-04-14T22:31:27+00:00 MDaleDeskTopLinux#00 I: Worker MDaleDeskTopLinux#02 started.
2018-04-14T22:31:27+00:00 MDaleDeskTopLinux#00 I: Starting worker number MDaleDeskTopLinux#03.
2018-04-14T22:31:27+00:00 MDaleDeskTopLinux#00 I: Worker MDaleDeskTopLinux#03 started.
2018-04-14T22:31:27+00:00 MDaleDeskTopLinux#00 I: Starting worker number MDaleDeskTopLinux#04.
2018-04-14T22:31:27+00:00 MDaleDeskTopLinux#00 I: Worker MDaleDeskTopLinux#04 started.
2018-04-14T22:31:27+00:00 MDaleDeskTopLinux#00 I: 4 tests running: public:3:equal, public:2:define1, public:1:assign-exp, public:0:assign1.
2018-04-14T22:31:27+00:00 MDaleDeskTopLinux#01 I: Start test public:0:assign1.
2018-04-14T22:31:27+00:00 MDaleDeskTopLinux#00 I: 4 tests running: public:3:equal, public:2:define1, public:1:assign-exp, public:0:assign1.
2018-04-14T22:31:27+00:00 MDaleDeskTopLinux#02 I: Start test public:1:assign-exp.
2018-04-14T22:31:27+00:00 MDaleDeskTopLinux#00 I: 4 tests running: public:3:equal, public:2:define1, public:1:assign-exp, public:0:assign1.
2018-04-14T22:31:27+00:00 MDaleDeskTopLinux#01 I: Test public:0:assign1 is successful.
2018-04-14T22:31:27+00:00 MDaleDeskTopLinux#00 I: 4 tests running: public:3:equal, public:2:define1, public:1:assign-exp, public:0:assign1.
2018-04-14T22:31:27+00:00 MDaleDeskTopLinux#01 I: End test public:0:assign1.
2018-04-14T22:31:27+00:00 MDaleDeskTopLinux#00 I: 4 tests running: public:3:equal, public:2:define1, public:1:assign-exp, public:0:assign1.
2018-04-14T22:31:27+00:00 MDaleDeskTopLinux#00 I: 4 tests running: public:4:exp1, public:3:equal, public:2:define1, public:1:assign-exp.
2018-04-14T22:31:27+00:00 MDaleDeskTopLinux#02 I: Test public:1:assign-exp is successful.
2018-04-14T22:31:27+00:00 MDaleDeskTopLinux#00 I: 4 tests running: public:4:exp1, public:3:equal, public:2:define1, public:1:assign-exp.
2018-04-14T22:31:27+00:00 MDaleDeskTopLinux#02 I: End test public:1:assign-exp.
2018-04-14T22:31:27+00:00 MDaleDeskTopLinux#01 I: Start test public:4:exp1.
2018-04-14T22:31:27+00:00 MDaleDeskTopLinux#00 I: 4 tests running: public:4:exp1, public:3:equal, public:2:define1, public:1:assign-exp.
2018-04-14T22:31:27+00:00 MDaleDeskTopLinux#00 I: 4 tests running: public:5:exp2, public:4:exp1, public:3:equal, public:2:define1.
2018-04-14T22:31:27+00:00 MDaleDeskTopLinux#02 I: Start test public:5:exp2.
2018-04-14T22:31:27+00:00 MDaleDeskTopLinux#00 I: 4 tests running: public:5:exp2, public:4:exp1, public:3:equal, public:2:define1.
2018-04-14T22:31:27+00:00 MDaleDeskTopLinux#03 I: Start test public:2:define1.
2018-04-14T22:31:27+00:00 MDaleDeskTopLinux#04 I: Start test public:3:equal.
2018-04-14T22:31:27+00:00 MDaleDeskTopLinux#00 I: 4 tests running: public:5:exp2, public:4:exp1, public:3:equal, public:2:define1.
2018-04-14T22:31:27+00:00 MDaleDeskTopLinux#02 I: Test public:5:exp2 is successful.
2018-04-14T22:31:27+00:00 MDaleDeskTopLinux#00 I: 4 tests running: public:5:exp2, public:4:exp1, public:3:equal, public:2:define1.
2018-04-14T22:31:27+00:00 MDaleDeskTopLinux#02 I: End test public:5:exp2.
2018-04-14T22:31:27+00:00 MDaleDeskTopLinux#00 I: 4 tests running: public:5:exp2, public:4:exp1, public:3:equal, public:2:define1.
2018-04-14T22:31:27+00:00 MDaleDeskTopLinux#00 I: 4 tests running: public:6:greater, public:4:exp1, public:3:equal, public:2:define1.
2018-04-14T22:31:27+00:00 MDaleDeskTopLinux#01 I: Test public:4:exp1 is successful.
2018-04-14T22:31:27+00:00 MDaleDeskTopLinux#02 I: Start test public:6:greater.
2018-04-14T22:31:27+00:00 MDaleDeskTopLinux#00 I: 4 tests running: public:6:greater, public:4:exp1, public:3:equal, public:2:define1.
2018-04-14T22:31:27+00:00 MDaleDeskTopLinux#01 I: End test public:4:exp1.
2018-04-14T22:31:27+00:00 MDaleDeskTopLinux#00 I: 4 tests running: public:6:greater, public:4:exp1, public:3:equal, public:2:define1.
2018-04-14T22:31:27+00:00 MDaleDeskTopLinux#00 I: 4 tests running: public:7:if, public:6:greater, public:3:equal, public:2:define1.
2018-04-14T22:31:27+00:00 MDaleDeskTopLinux#01 I: Start test public:7:if.
2018-04-14T22:31:27+00:00 MDaleDeskTopLinux#00 I: 4 tests running: public:7:if, public:6:greater, public:3:equal, public:2:define1.
2018-04-14T22:31:27+00:00 MDaleDeskTopLinux#03 I: Test public:2:define1 is successful.
2018-04-14T22:31:27+00:00 MDaleDeskTopLinux#00 I: 4 tests running: public:7:if, public:6:greater, public:3:equal, public:2:define1.
2018-04-14T22:31:27+00:00 MDaleDeskTopLinux#03 I: End test public:2:define1.
2018-04-14T22:31:27+00:00 MDaleDeskTopLinux#00 I: 4 tests running: public:7:if, public:6:greater, public:3:equal, public:2:define1.
2018-04-14T22:31:27+00:00 MDaleDeskTopLinux#00 I: 4 tests running: public:8:ifelse, public:7:if, public:6:greater, public:3:equal.
2018-04-14T22:31:27+00:00 MDaleDeskTopLinux#03 I: Start test public:8:ifelse.
2018-04-14T22:31:27+00:00 MDaleDeskTopLinux#00 I: 4 tests running: public:8:ifelse, public:7:if, public:6:greater, public:3:equal.
2018-04-14T22:31:27+00:00 MDaleDeskTopLinux#02 I: Test public:6:greater is successful.
2018-04-14T22:31:27+00:00 MDaleDeskTopLinux#00 I: 4 tests running: public:8:ifelse, public:7:if, public:6:greater, public:3:equal.
2018-04-14T22:31:27+00:00 MDaleDeskTopLinux#04 I: Test public:3:equal is successful.
2018-04-14T22:31:27+00:00 MDaleDeskTopLinux#02 I: End test public:6:greater.
2018-04-14T22:31:27+00:00 MDaleDeskTopLinux#00 I: 4 tests running: public:8:ifelse, public:7:if, public:6:greater, public:3:equal.
2018-04-14T22:31:27+00:00 MDaleDeskTopLinux#04 I: End test public:3:equal.
2018-04-14T22:31:27+00:00 MDaleDeskTopLinux#00 I: 4 tests running: public:9:if-else-while, public:8:ifelse, public:7:if, public:3:equal.
2018-04-14T22:31:27+00:00 MDaleDeskTopLinux#02 I: Start test public:9:if-else-while.
2018-04-14T22:31:27+00:00 MDaleDeskTopLinux#00 I: 4 tests running: public:10:less, public:9:if-else-while, public:8:ifelse, public:7:if.
2018-04-14T22:31:27+00:00 MDaleDeskTopLinux#04 I: Start test public:10:less.
2018-04-14T22:31:27+00:00 MDaleDeskTopLinux#00 I: 4 tests running: public:10:less, public:9:if-else-while, public:8:ifelse, public:7:if.
2018-04-14T22:31:27+00:00 MDaleDeskTopLinux#01 I: Test public:7:if is successful.
2018-04-14T22:31:27+00:00 MDaleDeskTopLinux#00 I: 4 tests running: public:10:less, public:9:if-else-while, public:8:ifelse, public:7:if.
2018-04-14T22:31:27+00:00 MDaleDeskTopLinux#01 I: End test public:7:if.
2018-04-14T22:31:27+00:00 MDaleDeskTopLinux#00 I: 4 tests running: public:10:less, public:9:if-else-while, public:8:ifelse, public:7:if.
2018-04-14T22:31:27+00:00 MDaleDeskTopLinux#00 I: 4 tests running: public:11:main, public:10:less, public:9:if-else-while, public:8:ifelse.
2018-04-14T22:31:27+00:00 MDaleDeskTopLinux#01 I: Start test public:11:main.
2018-04-14T22:31:27+00:00 MDaleDeskTopLinux#00 I: 4 tests running: public:11:main, public:10:less, public:9:if-else-while, public:8:ifelse.
2018-04-14T22:31:27+00:00 MDaleDeskTopLinux#03 I: Test public:8:ifelse is successful.
2018-04-14T22:31:27+00:00 MDaleDeskTopLinux#00 I: 4 tests running: public:11:main, public:10:less, public:9:if-else-while, public:8:ifelse.
2018-04-14T22:31:27+00:00 MDaleDeskTopLinux#03 I: End test public:8:ifelse.
2018-04-14T22:31:27+00:00 MDaleDeskTopLinux#00 I: 4 tests running: public:11:main, public:10:less, public:9:if-else-while, public:8:ifelse.
2018-04-14T22:31:27+00:00 MDaleDeskTopLinux#00 I: 4 tests running: public:12:nested-if, public:11:main, public:10:less, public:9:if-else-while.
2018-04-14T22:31:27+00:00 MDaleDeskTopLinux#03 I: Start test public:12:nested-if.
2018-04-14T22:31:27+00:00 MDaleDeskTopLinux#00 I: 4 tests running: public:12:nested-if, public:11:main, public:10:less, public:9:if-else-while.
2018-04-14T22:31:27+00:00 MDaleDeskTopLinux#02 I: Test public:9:if-else-while is successful.
2018-04-14T22:31:27+00:00 MDaleDeskTopLinux#00 I: 4 tests running: public:12:nested-if, public:11:main, public:10:less, public:9:if-else-while.
2018-04-14T22:31:27+00:00 MDaleDeskTopLinux#02 I: End test public:9:if-else-while.
2018-04-14T22:31:27+00:00 MDaleDeskTopLinux#00 I: 4 tests running: public:12:nested-if, public:11:main, public:10:less, public:9:if-else-while.
2018-04-14T22:31:27+00:00 MDaleDeskTopLinux#00 I: 4 tests running: public:13:nested-ifelse, public:12:nested-if, public:11:main, public:10:less.
2018-04-14T22:31:27+00:00 MDaleDeskTopLinux#02 I: Start test public:13:nested-ifelse.
2018-04-14T22:31:27+00:00 MDaleDeskTopLinux#00 I: 4 tests running: public:13:nested-ifelse, public:12:nested-if, public:11:main, public:10:less.
2018-04-14T22:31:27+00:00 MDaleDeskTopLinux#04 I: Test public:10:less is successful.
2018-04-14T22:31:27+00:00 MDaleDeskTopLinux#00 I: 4 tests running: public:13:nested-ifelse, public:12:nested-if, public:11:main, public:10:less.
2018-04-14T22:31:27+00:00 MDaleDeskTopLinux#04 I: End test public:10:less.
2018-04-14T22:31:27+00:00 MDaleDeskTopLinux#00 I: 4 tests running: public:13:nested-ifelse, public:12:nested-if, public:11:main, public:10:less.
2018-04-14T22:31:27+00:00 MDaleDeskTopLinux#00 I: 4 tests running: public:14:nested-while, public:13:nested-ifelse, public:12:nested-if, public:11:main.
2018-04-14T22:31:27+00:00 MDaleDeskTopLinux#04 I: Start test public:14:nested-while.
2018-04-14T22:31:27+00:00 MDaleDeskTopLinux#00 I: 4 tests running: public:14:nested-while, public:13:nested-ifelse, public:12:nested-if, public:11:main.
2018-04-14T22:31:27+00:00 MDaleDeskTopLinux#01 I: Test public:11:main is successful.
2018-04-14T22:31:27+00:00 MDaleDeskTopLinux#00 I: 4 tests running: public:14:nested-while, public:13:nested-ifelse, public:12:nested-if, public:11:main.
2018-04-14T22:31:27+00:00 MDaleDeskTopLinux#01 I: End test public:11:main.
2018-04-14T22:31:27+00:00 MDaleDeskTopLinux#00 I: 4 tests running: public:14:nested-while, public:13:nested-ifelse, public:12:nested-if, public:11:main.
2018-04-14T22:31:27+00:00 MDaleDeskTopLinux#00 I: 4 tests running: public:15:print, public:14:nested-while, public:13:nested-ifelse, public:12:nested-if.
2018-04-14T22:31:27+00:00 MDaleDeskTopLinux#03 I: Test public:12:nested-if is successful.
2018-04-14T22:31:27+00:00 MDaleDeskTopLinux#01 I: Start test public:15:print.
2018-04-14T22:31:27+00:00 MDaleDeskTopLinux#00 I: 4 tests running: public:15:print, public:14:nested-while, public:13:nested-ifelse, public:12:nested-if.
2018-04-14T22:31:27+00:00 MDaleDeskTopLinux#03 I: End test public:12:nested-if.
2018-04-14T22:31:27+00:00 MDaleDeskTopLinux#00 I: 4 tests running: public:15:print, public:14:nested-while, public:13:nested-ifelse, public:12:nested-if.
2018-04-14T22:31:27+00:00 MDaleDeskTopLinux#00 I: 4 tests running: public:16:test1, public:15:print, public:14:nested-while, public:13:nested-ifelse.
2018-04-14T22:31:27+00:00 MDaleDeskTopLinux#02 I: Test public:13:nested-ifelse is successful.
2018-04-14T22:31:27+00:00 MDaleDeskTopLinux#03 I: Start test public:16:test1.
2018-04-14T22:31:27+00:00 MDaleDeskTopLinux#00 I: 4 tests running: public:16:test1, public:15:print, public:14:nested-while, public:13:nested-ifelse.
2018-04-14T22:31:27+00:00 MDaleDeskTopLinux#02 I: End test public:13:nested-ifelse.
2018-04-14T22:31:27+00:00 MDaleDeskTopLinux#00 I: 4 tests running: public:16:test1, public:15:print, public:14:nested-while, public:13:nested-ifelse.
2018-04-14T22:31:27+00:00 MDaleDeskTopLinux#00 I: 4 tests running: public:17:test2, public:16:test1, public:15:print, public:14:nested-while.
2018-04-14T22:31:27+00:00 MDaleDeskTopLinux#02 I: Start test public:17:test2.
2018-04-14T22:31:27+00:00 MDaleDeskTopLinux#00 I: 4 tests running: public:17:test2, public:16:test1, public:15:print, public:14:nested-while.
2018-04-14T22:31:27+00:00 MDaleDeskTopLinux#04 I: Test public:14:nested-while is successful.
2018-04-14T22:31:27+00:00 MDaleDeskTopLinux#00 I: 4 tests running: public:17:test2, public:16:test1, public:15:print, public:14:nested-while.
2018-04-14T22:31:27+00:00 MDaleDeskTopLinux#04 I: End test public:14:nested-while.
2018-04-14T22:31:27+00:00 MDaleDeskTopLinux#00 I: 4 tests running: public:17:test2, public:16:test1, public:15:print, public:14:nested-while.
2018-04-14T22:31:27+00:00 MDaleDeskTopLinux#00 I: 4 tests running: public:18:test3, public:17:test2, public:16:test1, public:15:print.
2018-04-14T22:31:27+00:00 MDaleDeskTopLinux#04 I: Start test public:18:test3.
2018-04-14T22:31:27+00:00 MDaleDeskTopLinux#00 I: 4 tests running: public:18:test3, public:17:test2, public:16:test1, public:15:print.
2018-04-14T22:31:27+00:00 MDaleDeskTopLinux#01 I: Test public:15:print is successful.
2018-04-14T22:31:27+00:00 MDaleDeskTopLinux#00 I: 4 tests running: public:18:test3, public:17:test2, public:16:test1, public:15:print.
2018-04-14T22:31:27+00:00 MDaleDeskTopLinux#01 I: End test public:15:print.
2018-04-14T22:31:27+00:00 MDaleDeskTopLinux#03 I: Test public:16:test1 is successful.
2018-04-14T22:31:27+00:00 MDaleDeskTopLinux#00 I: 4 tests running: public:18:test3, public:17:test2, public:16:test1, public:15:print.
2018-04-14T22:31:27+00:00 MDaleDeskTopLinux#03 I: End test public:16:test1.
2018-04-14T22:31:27+00:00 MDaleDeskTopLinux#02 I: Test public:17:test2 is successful.
2018-04-14T22:31:27+00:00 MDaleDeskTopLinux#00 I: 4 tests running: public:19:test4, public:18:test3, public:17:test2, public:16:test1.
2018-04-14T22:31:27+00:00 MDaleDeskTopLinux#02 I: End test public:17:test2.
2018-04-14T22:31:27+00:00 MDaleDeskTopLinux#01 I: Start test public:19:test4.
2018-04-14T22:31:27+00:00 MDaleDeskTopLinux#00 I: 4 tests running: public:20:test-assoc1, public:19:test4, public:18:test3, public:17:test2.
2018-04-14T22:31:27+00:00 MDaleDeskTopLinux#03 I: Start test public:20:test-assoc1.
2018-04-14T22:31:27+00:00 MDaleDeskTopLinux#00 I: Still 4 tests running : public:21:while, public:20:test-assoc1, public:19:test4, public:18:test3.
2018-04-14T22:31:27+00:00 MDaleDeskTopLinux#00 I: 4 tests running: public:21:while, public:20:test-assoc1, public:19:test4, public:18:test3.
2018-04-14T22:31:27+00:00 MDaleDeskTopLinux#02 I: Start test public:21:while.
2018-04-14T22:31:27+00:00 MDaleDeskTopLinux#00 I: Still 4 tests running : public:21:while, public:20:test-assoc1, public:19:test4, public:18:test3.
2018-04-14T22:31:27+00:00 MDaleDeskTopLinux#00 I: 4 tests running: public:21:while, public:20:test-assoc1, public:19:test4, public:18:test3.
2018-04-14T22:31:27+00:00 MDaleDeskTopLinux#03 E: Test public:20:test-assoc1 has failed.
2018-04-14T22:31:27+00:00 MDaleDeskTopLinux#03 E: not equal in test public:20:test-assoc1.
2018-04-14T22:31:27+00:00 MDaleDeskTopLinux#03 E: Called from unknown location
2018-04-14T22:31:27+00:00 MDaleDeskTopLinux#03 E: 
2018-04-14T22:31:27+00:00 MDaleDeskTopLinux#00 I: Still 4 tests running : public:21:while, public:20:test-assoc1, public:19:test4, public:18:test3.
2018-04-14T22:31:27+00:00 MDaleDeskTopLinux#00 I: 4 tests running: public:21:while, public:20:test-assoc1, public:19:test4, public:18:test3.
2018-04-14T22:31:27+00:00 MDaleDeskTopLinux#03 I: End test public:20:test-assoc1.
2018-04-14T22:31:27+00:00 MDaleDeskTopLinux#00 I: Still 4 tests running : public:21:while, public:20:test-assoc1, public:19:test4, public:18:test3.
2018-04-14T22:31:27+00:00 MDaleDeskTopLinux#00 I: 4 tests running: public:21:while, public:20:test-assoc1, public:19:test4, public:18:test3.
2018-04-14T22:31:27+00:00 MDaleDeskTopLinux#00 I: Still 3 tests running : public:21:while, public:19:test4, public:18:test3.
2018-04-14T22:31:27+00:00 MDaleDeskTopLinux#00 I: 3 tests running: public:21:while, public:19:test4, public:18:test3.
2018-04-14T22:31:27+00:00 MDaleDeskTopLinux#04 I: Test public:18:test3 is successful.
2018-04-14T22:31:27+00:00 MDaleDeskTopLinux#00 I: Still 3 tests running : public:21:while, public:19:test4, public:18:test3.
2018-04-14T22:31:27+00:00 MDaleDeskTopLinux#00 I: 3 tests running: public:21:while, public:19:test4, public:18:test3.
2018-04-14T22:31:27+00:00 MDaleDeskTopLinux#04 I: End test public:18:test3.
2018-04-14T22:31:27+00:00 MDaleDeskTopLinux#00 I: Still 3 tests running : public:21:while, public:19:test4, public:18:test3.
2018-04-14T22:31:27+00:00 MDaleDeskTopLinux#00 I: 3 tests running: public:21:while, public:19:test4, public:18:test3.
2018-04-14T22:31:27+00:00 MDaleDeskTopLinux#00 I: Still 2 tests running : public:21:while, public:19:test4.
2018-04-14T22:31:27+00:00 MDaleDeskTopLinux#00 I: 2 tests running: public:21:while, public:19:test4.
2018-04-14T22:31:27+00:00 MDaleDeskTopLinux#02 I: Test public:21:while is successful.
2018-04-14T22:31:27+00:00 MDaleDeskTopLinux#00 I: Still 2 tests running : public:21:while, public:19:test4.
2018-04-14T22:31:27+00:00 MDaleDeskTopLinux#00 I: 2 tests running: public:21:while, public:19:test4.
2018-04-14T22:31:27+00:00 MDaleDeskTopLinux#02 I: End test public:21:while.
2018-04-14T22:31:27+00:00 MDaleDeskTopLinux#00 I: Still 2 tests running : public:21:while, public:19:test4.
2018-04-14T22:31:27+00:00 MDaleDeskTopLinux#00 I: 2 tests running: public:21:while, public:19:test4.
2018-04-14T22:31:27+00:00 MDaleDeskTopLinux#00 I: Still 1 tests running : public:19:test4.
2018-04-14T22:31:27+00:00 MDaleDeskTopLinux#00 I: 1 tests running: public:19:test4.
2018-04-14T22:31:27+00:00 MDaleDeskTopLinux#01 I: Test public:19:test4 is successful.
2018-04-14T22:31:27+00:00 MDaleDeskTopLinux#00 I: Still 1 tests running : public:19:test4.
2018-04-14T22:31:27+00:00 MDaleDeskTopLinux#00 I: 1 tests running: public:19:test4.
2018-04-14T22:31:27+00:00 MDaleDeskTopLinux#01 I: End test public:19:test4.
2018-04-14T22:31:27+00:00 MDaleDeskTopLinux#00 I: Still 1 tests running : public:19:test4.
2018-04-14T22:31:27+00:00 MDaleDeskTopLinux#00 I: 1 tests running: public:19:test4.
2018-04-14T22:31:27+00:00 MDaleDeskTopLinux#00 I: 0 tests running: .
2018-04-14T22:31:27+00:00 MDaleDeskTopLinux#00 I: Worker MDaleDeskTopLinux#03 has ended.
2018-04-14T22:31:27+00:00 MDaleDeskTopLinux#00 I: Worker MDaleDeskTopLinux#04 has ended.
2018-04-14T22:31:27+00:00 MDaleDeskTopLinux#00 I: Worker MDaleDeskTopLinux#02 has ended.
2018-04-14T22:31:27+00:00 MDaleDeskTopLinux#00 I: Worker MDaleDeskTopLinux#01 has ended.
2018-04-14T22:31:27+00:00 MDaleDeskTopLinux#00 I: Used 4 worker during test execution.
2018-04-14T22:31:27+00:00 MDaleDeskTopLinux#00 I: Run 5 tests with shard MDaleDeskTopLinux#03.
2018-04-14T22:31:27+00:00 MDaleDeskTopLinux#00 I: Run 4 tests with shard MDaleDeskTopLinux#04.
2018-04-14T22:31:27+00:00 MDaleDeskTopLinux#00 I: Run 7 tests with shard MDaleDeskTopLinux#02.
2018-04-14T22:31:27+00:00 MDaleDeskTopLinux#00 I: Run 6 tests with shard MDaleDeskTopLinux#01.
2018-04-14T22:31:27+00:00 MDaleDeskTopLinux#00 I: ==============
2018-04-14T22:31:27+00:00 MDaleDeskTopLinux#00 I: Summary:
2018-04-14T22:31:27+00:00 MDaleDeskTopLinux#00 I: Test public:19:test4 is successful.
2018-04-14T22:31:27+00:00 MDaleDeskTopLinux#00 I: Test public:21:while is successful.
2018-04-14T22:31:27+00:00 MDaleDeskTopLinux#00 I: Test public:18:test3 is successful.
2018-04-14T22:31:27+00:00 MDaleDeskTopLinux#00 E: Test public:20:test-assoc1 has failed.
2018-04-14T22:31:27+00:00 MDaleDeskTopLinux#00 E: not equal in test public:20:test-assoc1.
2018-04-14T22:31:27+00:00 MDaleDeskTopLinux#00 E: Called from unknown location
2018-04-14T22:31:27+00:00 MDaleDeskTopLinux#00 E: 
2018-04-14T22:31:27+00:00 MDaleDeskTopLinux#00 I: Test public:17:test2 is successful.
2018-04-14T22:31:27+00:00 MDaleDeskTopLinux#00 I: Test public:16:test1 is successful.
2018-04-14T22:31:27+00:00 MDaleDeskTopLinux#00 I: Test public:15:print is successful.
2018-04-14T22:31:27+00:00 MDaleDeskTopLinux#00 I: Test public:14:nested-while is successful.
2018-04-14T22:31:27+00:00 MDaleDeskTopLinux#00 I: Test public:13:nested-ifelse is successful.
2018-04-14T22:31:27+00:00 MDaleDeskTopLinux#00 I: Test public:12:nested-if is successful.
2018-04-14T22:31:27+00:00 MDaleDeskTopLinux#00 I: Test public:11:main is successful.
2018-04-14T22:31:27+00:00 MDaleDeskTopLinux#00 I: Test public:10:less is successful.
2018-04-14T22:31:27+00:00 MDaleDeskTopLinux#00 I: Test public:9:if-else-while is successful.
2018-04-14T22:31:27+00:00 MDaleDeskTopLinux#00 I: Test public:8:ifelse is successful.
2018-04-14T22:31:27+00:00 MDaleDeskTopLinux#00 I: Test public:7:if is successful.
2018-04-14T22:31:27+00:00 MDaleDeskTopLinux#00 I: Test public:3:equal is successful.
2018-04-14T22:31:27+00:00 MDaleDeskTopLinux#00 I: Test public:6:greater is successful.
2018-04-14T22:31:27+00:00 MDaleDeskTopLinux#00 I: Test public:2:define1 is successful.
2018-04-14T22:31:27+00:00 MDaleDeskTopLinux#00 I: Test public:4:exp1 is successful.
2018-04-14T22:31:27+00:00 MDaleDeskTopLinux#00 I: Test public:5:exp2 is successful.
2018-04-14T22:31:27+00:00 MDaleDeskTopLinux#00 I: Test public:1:assign-exp is successful.
2018-04-14T22:31:27+00:00 MDaleDeskTopLinux#00 I: Test public:0:assign1 is successful.
2018-04-14T22:31:27+00:00 MDaleDeskTopLinux#00 I: Ran: 22 tests in: 0.13 seconds.
2018-04-14T22:31:27+00:00 MDaleDeskTopLinux#00 I: Cases: 22.
2018-04-14T22:31:27+00:00 MDaleDeskTopLinux#00 I: Tried: 22.
2018-04-14T22:31:27+00:00 MDaleDeskTopLinux#00 I: Errors: 0.
2018-04-14T22:31:27+00:00 MDaleDeskTopLinux#00 I: Failures: 1.
2018-04-14T22:31:27+00:00 MDaleDeskTopLinux#00 I: Skip: 0.
2018-04-14T22:31:27+00:00 MDaleDeskTopLinux#00 I: Todo: 0.
2018-04-14T22:31:27+00:00 MDaleDeskTopLinux#00 I: Timeout: 0.
