2018-04-14T22:31:27+00:00 MDaleDeskTopLinux#02 I: Start test public:1:assign-exp.
2018-04-14T22:31:27+00:00 MDaleDeskTopLinux#02 I: Test public:1:assign-exp is successful.
2018-04-14T22:31:27+00:00 MDaleDeskTopLinux#02 I: End test public:1:assign-exp.
2018-04-14T22:31:27+00:00 MDaleDeskTopLinux#02 I: Start test public:5:exp2.
2018-04-14T22:31:27+00:00 MDaleDeskTopLinux#02 I: Test public:5:exp2 is successful.
2018-04-14T22:31:27+00:00 MDaleDeskTopLinux#02 I: End test public:5:exp2.
2018-04-14T22:31:27+00:00 MDaleDeskTopLinux#02 I: Start test public:6:greater.
2018-04-14T22:31:27+00:00 MDaleDeskTopLinux#02 I: Test public:6:greater is successful.
2018-04-14T22:31:27+00:00 MDaleDeskTopLinux#02 I: End test public:6:greater.
2018-04-14T22:31:27+00:00 MDaleDeskTopLinux#02 I: Start test public:9:if-else-while.
2018-04-14T22:31:27+00:00 MDaleDeskTopLinux#02 I: Test public:9:if-else-while is successful.
2018-04-14T22:31:27+00:00 MDaleDeskTopLinux#02 I: End test public:9:if-else-while.
2018-04-14T22:31:27+00:00 MDaleDeskTopLinux#02 I: Start test public:13:nested-ifelse.
2018-04-14T22:31:27+00:00 MDaleDeskTopLinux#02 I: Test public:13:nested-ifelse is successful.
2018-04-14T22:31:27+00:00 MDaleDeskTopLinux#02 I: End test public:13:nested-ifelse.
2018-04-14T22:31:27+00:00 MDaleDeskTopLinux#02 I: Start test public:17:test2.
2018-04-14T22:31:27+00:00 MDaleDeskTopLinux#02 I: Test public:17:test2 is successful.
2018-04-14T22:31:27+00:00 MDaleDeskTopLinux#02 I: End test public:17:test2.
2018-04-14T22:31:27+00:00 MDaleDeskTopLinux#02 I: Start test public:21:while.
2018-04-14T22:31:27+00:00 MDaleDeskTopLinux#02 I: Test public:21:while is successful.
2018-04-14T22:31:27+00:00 MDaleDeskTopLinux#02 I: End test public:21:while.
