2018-04-08T21:36:45+00:00 maxl-Gazelle#04 I: Start test public:3:equal.
2018-04-08T21:36:45+00:00 maxl-Gazelle#04 E: Test public:3:equal exited with an error.
2018-04-08T21:36:45+00:00 maxl-Gazelle#04 E: Failure("tok: }") in test public:3:equal.
2018-04-08T21:36:45+00:00 maxl-Gazelle#04 E: Called from unknown location
2018-04-08T21:36:45+00:00 maxl-Gazelle#04 E: Called from unknown location
2018-04-08T21:36:45+00:00 maxl-Gazelle#04 E: Called from unknown location
2018-04-08T21:36:45+00:00 maxl-Gazelle#04 E: Called from unknown location
2018-04-08T21:36:45+00:00 maxl-Gazelle#04 E: Called from unknown location
2018-04-08T21:36:45+00:00 maxl-Gazelle#04 E: Called from unknown location
2018-04-08T21:36:45+00:00 maxl-Gazelle#04 E: Called from unknown location
2018-04-08T21:36:45+00:00 maxl-Gazelle#04 E: Called from unknown location
2018-04-08T21:36:45+00:00 maxl-Gazelle#04 E: Called from unknown location
2018-04-08T21:36:45+00:00 maxl-Gazelle#04 E: Called from unknown location
2018-04-08T21:36:45+00:00 maxl-Gazelle#04 E: Called from unknown location
2018-04-08T21:36:45+00:00 maxl-Gazelle#04 E: 
2018-04-08T21:36:45+00:00 maxl-Gazelle#04 I: End test public:3:equal.
2018-04-08T21:36:45+00:00 maxl-Gazelle#04 I: Start test public:6:greater.
2018-04-08T21:36:45+00:00 maxl-Gazelle#04 E: Test public:6:greater exited with an error.
2018-04-08T21:36:45+00:00 maxl-Gazelle#04 E: Failure("tok: }") in test public:6:greater.
2018-04-08T21:36:45+00:00 maxl-Gazelle#04 E: Called from unknown location
2018-04-08T21:36:45+00:00 maxl-Gazelle#04 E: Called from unknown location
2018-04-08T21:36:45+00:00 maxl-Gazelle#04 E: Called from unknown location
2018-04-08T21:36:45+00:00 maxl-Gazelle#04 E: Called from unknown location
2018-04-08T21:36:45+00:00 maxl-Gazelle#04 E: Called from unknown location
2018-04-08T21:36:45+00:00 maxl-Gazelle#04 E: Called from unknown location
2018-04-08T21:36:45+00:00 maxl-Gazelle#04 E: Called from unknown location
2018-04-08T21:36:45+00:00 maxl-Gazelle#04 E: Called from unknown location
2018-04-08T21:36:45+00:00 maxl-Gazelle#04 E: Called from unknown location
2018-04-08T21:36:45+00:00 maxl-Gazelle#04 E: Called from unknown location
2018-04-08T21:36:45+00:00 maxl-Gazelle#04 E: Called from unknown location
2018-04-08T21:36:45+00:00 maxl-Gazelle#04 E: 
2018-04-08T21:36:45+00:00 maxl-Gazelle#04 I: End test public:6:greater.
2018-04-08T21:36:45+00:00 maxl-Gazelle#04 I: Start test public:11:main.
2018-04-08T21:36:45+00:00 maxl-Gazelle#04 E: Test public:11:main exited with an error.
2018-04-08T21:36:45+00:00 maxl-Gazelle#04 E: Failure("tok: }") in test public:11:main.
2018-04-08T21:36:45+00:00 maxl-Gazelle#04 E: Called from unknown location
2018-04-08T21:36:45+00:00 maxl-Gazelle#04 E: Called from unknown location
2018-04-08T21:36:45+00:00 maxl-Gazelle#04 E: Called from unknown location
2018-04-08T21:36:45+00:00 maxl-Gazelle#04 E: Called from unknown location
2018-04-08T21:36:45+00:00 maxl-Gazelle#04 E: Called from unknown location
2018-04-08T21:36:45+00:00 maxl-Gazelle#04 E: Called from unknown location
2018-04-08T21:36:45+00:00 maxl-Gazelle#04 E: Called from unknown location
2018-04-08T21:36:45+00:00 maxl-Gazelle#04 E: 
2018-04-08T21:36:45+00:00 maxl-Gazelle#04 I: End test public:11:main.
2018-04-08T21:36:45+00:00 maxl-Gazelle#04 I: Start test public:14:nested-while.
2018-04-08T21:36:45+00:00 maxl-Gazelle#04 E: Test public:14:nested-while exited with an error.
2018-04-08T21:36:45+00:00 maxl-Gazelle#04 E: Failure("tok: }") in test public:14:nested-while.
2018-04-08T21:36:45+00:00 maxl-Gazelle#04 E: Called from unknown location
2018-04-08T21:36:45+00:00 maxl-Gazelle#04 E: Called from unknown location
2018-04-08T21:36:45+00:00 maxl-Gazelle#04 E: Called from unknown location
2018-04-08T21:36:45+00:00 maxl-Gazelle#04 E: Called from unknown location
2018-04-08T21:36:45+00:00 maxl-Gazelle#04 E: Called from unknown location
2018-04-08T21:36:45+00:00 maxl-Gazelle#04 E: Called from unknown location
2018-04-08T21:36:45+00:00 maxl-Gazelle#04 E: Called from unknown location
2018-04-08T21:36:45+00:00 maxl-Gazelle#04 E: Called from unknown location
2018-04-08T21:36:45+00:00 maxl-Gazelle#04 E: Called from unknown location
2018-04-08T21:36:45+00:00 maxl-Gazelle#04 E: Called from unknown location
2018-04-08T21:36:45+00:00 maxl-Gazelle#04 E: Called from unknown location
2018-04-08T21:36:45+00:00 maxl-Gazelle#04 E: Called from unknown location
2018-04-08T21:36:45+00:00 maxl-Gazelle#04 E: Called from unknown location
2018-04-08T21:36:45+00:00 maxl-Gazelle#04 E: Called from unknown location
2018-04-08T21:36:45+00:00 maxl-Gazelle#04 E: Called from unknown location
2018-04-08T21:36:45+00:00 maxl-Gazelle#04 E: Called from unknown location
2018-04-08T21:36:45+00:00 maxl-Gazelle#04 E: Called from unknown location
2018-04-08T21:36:45+00:00 maxl-Gazelle#04 E: Called from unknown location
2018-04-08T21:36:45+00:00 maxl-Gazelle#04 E: Called from unknown location
2018-04-08T21:36:45+00:00 maxl-Gazelle#04 E: Called from unknown location
2018-04-08T21:36:45+00:00 maxl-Gazelle#04 E: Called from unknown location
2018-04-08T21:36:45+00:00 maxl-Gazelle#04 E: Called from unknown location
2018-04-08T21:36:45+00:00 maxl-Gazelle#04 E: Called from unknown location
2018-04-08T21:36:45+00:00 maxl-Gazelle#04 E: Called from unknown location
2018-04-08T21:36:45+00:00 maxl-Gazelle#04 E: Called from unknown location
2018-04-08T21:36:45+00:00 maxl-Gazelle#04 E: Called from unknown location
2018-04-08T21:36:45+00:00 maxl-Gazelle#04 E: Called from unknown location
2018-04-08T21:36:45+00:00 maxl-Gazelle#04 E: Called from unknown location
2018-04-08T21:36:45+00:00 maxl-Gazelle#04 E: Called from unknown location
2018-04-08T21:36:45+00:00 maxl-Gazelle#04 E: Called from unknown location
2018-04-08T21:36:45+00:00 maxl-Gazelle#04 E: Called from unknown location
2018-04-08T21:36:45+00:00 maxl-Gazelle#04 E: 
2018-04-08T21:36:45+00:00 maxl-Gazelle#04 I: End test public:14:nested-while.
2018-04-08T21:36:45+00:00 maxl-Gazelle#04 I: Start test public:19:test4.
2018-04-08T21:36:45+00:00 maxl-Gazelle#04 E: Test public:19:test4 exited with an error.
2018-04-08T21:36:45+00:00 maxl-Gazelle#04 E: Failure("tok: }") in test public:19:test4.
2018-04-08T21:36:45+00:00 maxl-Gazelle#04 E: Called from unknown location
2018-04-08T21:36:45+00:00 maxl-Gazelle#04 E: Called from unknown location
2018-04-08T21:36:45+00:00 maxl-Gazelle#04 E: Called from unknown location
2018-04-08T21:36:45+00:00 maxl-Gazelle#04 E: Called from unknown location
2018-04-08T21:36:45+00:00 maxl-Gazelle#04 E: Called from unknown location
2018-04-08T21:36:45+00:00 maxl-Gazelle#04 E: Called from unknown location
2018-04-08T21:36:45+00:00 maxl-Gazelle#04 E: Called from unknown location
2018-04-08T21:36:45+00:00 maxl-Gazelle#04 E: Called from unknown location
2018-04-08T21:36:45+00:00 maxl-Gazelle#04 E: Called from unknown location
2018-04-08T21:36:45+00:00 maxl-Gazelle#04 E: Called from unknown location
2018-04-08T21:36:45+00:00 maxl-Gazelle#04 E: Called from unknown location
2018-04-08T21:36:45+00:00 maxl-Gazelle#04 E: Called from unknown location
2018-04-08T21:36:45+00:00 maxl-Gazelle#04 E: Called from unknown location
2018-04-08T21:36:45+00:00 maxl-Gazelle#04 E: Called from unknown location
2018-04-08T21:36:45+00:00 maxl-Gazelle#04 E: Called from unknown location
2018-04-08T21:36:45+00:00 maxl-Gazelle#04 E: Called from unknown location
2018-04-08T21:36:45+00:00 maxl-Gazelle#04 E: Called from unknown location
2018-04-08T21:36:45+00:00 maxl-Gazelle#04 E: Called from unknown location
2018-04-08T21:36:45+00:00 maxl-Gazelle#04 E: Called from unknown location
2018-04-08T21:36:45+00:00 maxl-Gazelle#04 E: Called from unknown location
2018-04-08T21:36:45+00:00 maxl-Gazelle#04 E: Called from unknown location
2018-04-08T21:36:45+00:00 maxl-Gazelle#04 E: Called from unknown location
2018-04-08T21:36:45+00:00 maxl-Gazelle#04 E: Called from unknown location
2018-04-08T21:36:45+00:00 maxl-Gazelle#04 E: Called from unknown location
2018-04-08T21:36:45+00:00 maxl-Gazelle#04 E: 
2018-04-08T21:36:45+00:00 maxl-Gazelle#04 I: End test public:19:test4.
2018-04-08T21:36:45+00:00 maxl-Gazelle#04 I: Start test public:21:while.
2018-04-08T21:36:45+00:00 maxl-Gazelle#04 E: Test public:21:while exited with an error.
2018-04-08T21:36:45+00:00 maxl-Gazelle#04 E: Failure("tok: }") in test public:21:while.
2018-04-08T21:36:45+00:00 maxl-Gazelle#04 E: Called from unknown location
2018-04-08T21:36:45+00:00 maxl-Gazelle#04 E: Called from unknown location
2018-04-08T21:36:45+00:00 maxl-Gazelle#04 E: Called from unknown location
2018-04-08T21:36:45+00:00 maxl-Gazelle#04 E: Called from unknown location
2018-04-08T21:36:45+00:00 maxl-Gazelle#04 E: Called from unknown location
2018-04-08T21:36:45+00:00 maxl-Gazelle#04 E: Called from unknown location
2018-04-08T21:36:45+00:00 maxl-Gazelle#04 E: Called from unknown location
2018-04-08T21:36:45+00:00 maxl-Gazelle#04 E: Called from unknown location
2018-04-08T21:36:45+00:00 maxl-Gazelle#04 E: Called from unknown location
2018-04-08T21:36:45+00:00 maxl-Gazelle#04 E: Called from unknown location
2018-04-08T21:36:45+00:00 maxl-Gazelle#04 E: Called from unknown location
2018-04-08T21:36:45+00:00 maxl-Gazelle#04 E: Called from unknown location
2018-04-08T21:36:45+00:00 maxl-Gazelle#04 E: Called from unknown location
2018-04-08T21:36:45+00:00 maxl-Gazelle#04 E: Called from unknown location
2018-04-08T21:36:45+00:00 maxl-Gazelle#04 E: 
2018-04-08T21:36:45+00:00 maxl-Gazelle#04 I: End test public:21:while.
