2018-04-08T21:36:45+00:00 maxl-Gazelle#03 I: Start test public:2:define1.
2018-04-08T21:36:45+00:00 maxl-Gazelle#03 E: Test public:2:define1 exited with an error.
2018-04-08T21:36:45+00:00 maxl-Gazelle#03 E: Failure("tok: }") in test public:2:define1.
2018-04-08T21:36:45+00:00 maxl-Gazelle#03 E: Called from unknown location
2018-04-08T21:36:45+00:00 maxl-Gazelle#03 E: Called from unknown location
2018-04-08T21:36:45+00:00 maxl-Gazelle#03 E: Called from unknown location
2018-04-08T21:36:45+00:00 maxl-Gazelle#03 E: Called from unknown location
2018-04-08T21:36:45+00:00 maxl-Gazelle#03 E: Called from unknown location
2018-04-08T21:36:45+00:00 maxl-Gazelle#03 E: Called from unknown location
2018-04-08T21:36:45+00:00 maxl-Gazelle#03 E: Called from unknown location
2018-04-08T21:36:45+00:00 maxl-Gazelle#03 E: Called from unknown location
2018-04-08T21:36:45+00:00 maxl-Gazelle#03 E: Called from unknown location
2018-04-08T21:36:45+00:00 maxl-Gazelle#03 E: 
2018-04-08T21:36:45+00:00 maxl-Gazelle#03 I: End test public:2:define1.
2018-04-08T21:36:45+00:00 maxl-Gazelle#03 I: Start test public:7:if.
2018-04-08T21:36:45+00:00 maxl-Gazelle#03 E: Test public:7:if exited with an error.
2018-04-08T21:36:45+00:00 maxl-Gazelle#03 E: Failure("tok: }") in test public:7:if.
2018-04-08T21:36:45+00:00 maxl-Gazelle#03 E: Called from unknown location
2018-04-08T21:36:45+00:00 maxl-Gazelle#03 E: Called from unknown location
2018-04-08T21:36:45+00:00 maxl-Gazelle#03 E: Called from unknown location
2018-04-08T21:36:45+00:00 maxl-Gazelle#03 E: Called from unknown location
2018-04-08T21:36:45+00:00 maxl-Gazelle#03 E: Called from unknown location
2018-04-08T21:36:45+00:00 maxl-Gazelle#03 E: Called from unknown location
2018-04-08T21:36:45+00:00 maxl-Gazelle#03 E: Called from unknown location
2018-04-08T21:36:45+00:00 maxl-Gazelle#03 E: Called from unknown location
2018-04-08T21:36:45+00:00 maxl-Gazelle#03 E: Called from unknown location
2018-04-08T21:36:45+00:00 maxl-Gazelle#03 E: 
2018-04-08T21:36:45+00:00 maxl-Gazelle#03 I: End test public:7:if.
2018-04-08T21:36:45+00:00 maxl-Gazelle#03 I: Start test public:10:less.
2018-04-08T21:36:45+00:00 maxl-Gazelle#03 E: Test public:10:less exited with an error.
2018-04-08T21:36:45+00:00 maxl-Gazelle#03 E: Failure("tok: }") in test public:10:less.
2018-04-08T21:36:45+00:00 maxl-Gazelle#03 E: Called from unknown location
2018-04-08T21:36:45+00:00 maxl-Gazelle#03 E: Called from unknown location
2018-04-08T21:36:45+00:00 maxl-Gazelle#03 E: Called from unknown location
2018-04-08T21:36:45+00:00 maxl-Gazelle#03 E: Called from unknown location
2018-04-08T21:36:45+00:00 maxl-Gazelle#03 E: Called from unknown location
2018-04-08T21:36:45+00:00 maxl-Gazelle#03 E: Called from unknown location
2018-04-08T21:36:45+00:00 maxl-Gazelle#03 E: Called from unknown location
2018-04-08T21:36:45+00:00 maxl-Gazelle#03 E: Called from unknown location
2018-04-08T21:36:45+00:00 maxl-Gazelle#03 E: Called from unknown location
2018-04-08T21:36:45+00:00 maxl-Gazelle#03 E: Called from unknown location
2018-04-08T21:36:45+00:00 maxl-Gazelle#03 E: 
2018-04-08T21:36:45+00:00 maxl-Gazelle#03 I: End test public:10:less.
2018-04-08T21:36:45+00:00 maxl-Gazelle#03 I: Start test public:15:print.
2018-04-08T21:36:45+00:00 maxl-Gazelle#03 E: Test public:15:print exited with an error.
2018-04-08T21:36:45+00:00 maxl-Gazelle#03 E: Failure("tok: (a);}") in test public:15:print.
2018-04-08T21:36:45+00:00 maxl-Gazelle#03 E: Called from unknown location
2018-04-08T21:36:45+00:00 maxl-Gazelle#03 E: Called from unknown location
2018-04-08T21:36:45+00:00 maxl-Gazelle#03 E: Called from unknown location
2018-04-08T21:36:45+00:00 maxl-Gazelle#03 E: Called from unknown location
2018-04-08T21:36:45+00:00 maxl-Gazelle#03 E: Called from unknown location
2018-04-08T21:36:45+00:00 maxl-Gazelle#03 E: Called from unknown location
2018-04-08T21:36:45+00:00 maxl-Gazelle#03 E: Called from unknown location
2018-04-08T21:36:45+00:00 maxl-Gazelle#03 E: Called from unknown location
2018-04-08T21:36:45+00:00 maxl-Gazelle#03 E: Called from unknown location
2018-04-08T21:36:45+00:00 maxl-Gazelle#03 E: Called from unknown location
2018-04-08T21:36:45+00:00 maxl-Gazelle#03 E: Called from unknown location
2018-04-08T21:36:45+00:00 maxl-Gazelle#03 E: Called from unknown location
2018-04-08T21:36:45+00:00 maxl-Gazelle#03 E: Called from unknown location
2018-04-08T21:36:45+00:00 maxl-Gazelle#03 E: Called from unknown location
2018-04-08T21:36:45+00:00 maxl-Gazelle#03 E: 
2018-04-08T21:36:45+00:00 maxl-Gazelle#03 I: End test public:15:print.
2018-04-08T21:36:45+00:00 maxl-Gazelle#03 I: Start test public:18:test3.
2018-04-08T21:36:45+00:00 maxl-Gazelle#03 E: Test public:18:test3 exited with an error.
2018-04-08T21:36:45+00:00 maxl-Gazelle#03 E: Failure("tok: }") in test public:18:test3.
2018-04-08T21:36:45+00:00 maxl-Gazelle#03 E: Called from unknown location
2018-04-08T21:36:45+00:00 maxl-Gazelle#03 E: Called from unknown location
2018-04-08T21:36:45+00:00 maxl-Gazelle#03 E: Called from unknown location
2018-04-08T21:36:45+00:00 maxl-Gazelle#03 E: Called from unknown location
2018-04-08T21:36:45+00:00 maxl-Gazelle#03 E: Called from unknown location
2018-04-08T21:36:45+00:00 maxl-Gazelle#03 E: Called from unknown location
2018-04-08T21:36:45+00:00 maxl-Gazelle#03 E: Called from unknown location
2018-04-08T21:36:45+00:00 maxl-Gazelle#03 E: Called from unknown location
2018-04-08T21:36:45+00:00 maxl-Gazelle#03 E: Called from unknown location
2018-04-08T21:36:45+00:00 maxl-Gazelle#03 E: Called from unknown location
2018-04-08T21:36:45+00:00 maxl-Gazelle#03 E: Called from unknown location
2018-04-08T21:36:45+00:00 maxl-Gazelle#03 E: Called from unknown location
2018-04-08T21:36:45+00:00 maxl-Gazelle#03 E: Called from unknown location
2018-04-08T21:36:45+00:00 maxl-Gazelle#03 E: Called from unknown location
2018-04-08T21:36:45+00:00 maxl-Gazelle#03 E: Called from unknown location
2018-04-08T21:36:45+00:00 maxl-Gazelle#03 E: Called from unknown location
2018-04-08T21:36:45+00:00 maxl-Gazelle#03 E: Called from unknown location
2018-04-08T21:36:45+00:00 maxl-Gazelle#03 E: Called from unknown location
2018-04-08T21:36:45+00:00 maxl-Gazelle#03 E: Called from unknown location
2018-04-08T21:36:45+00:00 maxl-Gazelle#03 E: Called from unknown location
2018-04-08T21:36:45+00:00 maxl-Gazelle#03 E: Called from unknown location
2018-04-08T21:36:45+00:00 maxl-Gazelle#03 E: Called from unknown location
2018-04-08T21:36:45+00:00 maxl-Gazelle#03 E: 
2018-04-08T21:36:45+00:00 maxl-Gazelle#03 I: End test public:18:test3.
