2018-04-09T04:16:19+00:00 maxl-Gazelle#01 I: Start test public:0:assign1.
2018-04-09T04:16:19+00:00 maxl-Gazelle#01 E: Test public:0:assign1 exited with an error.
2018-04-09T04:16:19+00:00 maxl-Gazelle#01 E: Failure("Unimplemented") in test public:0:assign1.
2018-04-09T04:16:19+00:00 maxl-Gazelle#01 E: Called from unknown location
2018-04-09T04:16:19+00:00 maxl-Gazelle#01 E: Called from unknown location
2018-04-09T04:16:19+00:00 maxl-Gazelle#01 E: 
2018-04-09T04:16:19+00:00 maxl-Gazelle#01 I: End test public:0:assign1.
2018-04-09T04:16:19+00:00 maxl-Gazelle#01 I: Start test public:5:exp2.
2018-04-09T04:16:19+00:00 maxl-Gazelle#01 E: Test public:5:exp2 exited with an error.
2018-04-09T04:16:19+00:00 maxl-Gazelle#01 E: Failure("Unimplemented") in test public:5:exp2.
2018-04-09T04:16:19+00:00 maxl-Gazelle#01 E: Called from unknown location
2018-04-09T04:16:19+00:00 maxl-Gazelle#01 E: Called from unknown location
2018-04-09T04:16:19+00:00 maxl-Gazelle#01 E: 
2018-04-09T04:16:19+00:00 maxl-Gazelle#01 I: End test public:5:exp2.
2018-04-09T04:16:19+00:00 maxl-Gazelle#01 I: Start test public:8:ifelse.
2018-04-09T04:16:19+00:00 maxl-Gazelle#01 E: Test public:8:ifelse exited with an error.
2018-04-09T04:16:19+00:00 maxl-Gazelle#01 E: Failure("Unimplemented") in test public:8:ifelse.
2018-04-09T04:16:19+00:00 maxl-Gazelle#01 E: Called from unknown location
2018-04-09T04:16:19+00:00 maxl-Gazelle#01 E: Called from unknown location
2018-04-09T04:16:19+00:00 maxl-Gazelle#01 E: 
2018-04-09T04:16:19+00:00 maxl-Gazelle#01 I: End test public:8:ifelse.
2018-04-09T04:16:19+00:00 maxl-Gazelle#01 I: Start test public:13:nested-ifelse.
2018-04-09T04:16:19+00:00 maxl-Gazelle#01 E: Test public:13:nested-ifelse exited with an error.
2018-04-09T04:16:19+00:00 maxl-Gazelle#01 E: Failure("Unimplemented") in test public:13:nested-ifelse.
2018-04-09T04:16:19+00:00 maxl-Gazelle#01 E: Called from unknown location
2018-04-09T04:16:19+00:00 maxl-Gazelle#01 E: Called from unknown location
2018-04-09T04:16:19+00:00 maxl-Gazelle#01 E: 
2018-04-09T04:16:19+00:00 maxl-Gazelle#01 I: End test public:13:nested-ifelse.
2018-04-09T04:16:19+00:00 maxl-Gazelle#01 I: Start test public:17:test2.
2018-04-09T04:16:19+00:00 maxl-Gazelle#01 E: Test public:17:test2 exited with an error.
2018-04-09T04:16:19+00:00 maxl-Gazelle#01 E: Failure("Unimplemented") in test public:17:test2.
2018-04-09T04:16:19+00:00 maxl-Gazelle#01 E: Called from unknown location
2018-04-09T04:16:19+00:00 maxl-Gazelle#01 E: Called from unknown location
2018-04-09T04:16:19+00:00 maxl-Gazelle#01 E: 
2018-04-09T04:16:19+00:00 maxl-Gazelle#01 I: End test public:17:test2.
2018-04-09T04:16:19+00:00 maxl-Gazelle#01 I: Start test public:21:while.
2018-04-09T04:16:19+00:00 maxl-Gazelle#01 E: Test public:21:while exited with an error.
2018-04-09T04:16:19+00:00 maxl-Gazelle#01 E: Failure("Unimplemented") in test public:21:while.
2018-04-09T04:16:19+00:00 maxl-Gazelle#01 E: Called from unknown location
2018-04-09T04:16:19+00:00 maxl-Gazelle#01 E: Called from unknown location
2018-04-09T04:16:19+00:00 maxl-Gazelle#01 E: 
2018-04-09T04:16:19+00:00 maxl-Gazelle#01 I: End test public:21:while.
