2018-02-23T22:54:41+00:00 MDaleDeskTopLinux#00 I: Runner: processes
2018-02-23T22:54:41+00:00 MDaleDeskTopLinux#00 I: Chooser: simple
2018-02-23T22:54:41+00:00 MDaleDeskTopLinux#00 I: Configuration suite_name = "public"
2018-02-23T22:54:41+00:00 MDaleDeskTopLinux#00 I: Configuration cache_filename = "/home/mdale/330/ocaml/p2b/_build/oUnit-$(suite_name).cache"
2018-02-23T22:54:41+00:00 MDaleDeskTopLinux#00 I: Configuration display = "true"
2018-02-23T22:54:41+00:00 MDaleDeskTopLinux#00 I: Configuration results_style_1_X = "false"
2018-02-23T22:54:41+00:00 MDaleDeskTopLinux#00 I: Configuration verbose = "false"
2018-02-23T22:54:41+00:00 MDaleDeskTopLinux#00 I: Configuration health_check_interval = "1."
2018-02-23T22:54:41+00:00 MDaleDeskTopLinux#00 I: Configuration testdata_dir = "none"
2018-02-23T22:54:41+00:00 MDaleDeskTopLinux#00 I: Configuration chooser = "simple"
2018-02-23T22:54:41+00:00 MDaleDeskTopLinux#00 I: Configuration output_html_dir = "none"
2018-02-23T22:54:41+00:00 MDaleDeskTopLinux#00 I: Configuration processes_kill_period = "5."
2018-02-23T22:54:41+00:00 MDaleDeskTopLinux#00 I: Configuration runner = "processes"
2018-02-23T22:54:41+00:00 MDaleDeskTopLinux#00 I: Configuration shards = "4"
2018-02-23T22:54:41+00:00 MDaleDeskTopLinux#00 I: Configuration processes_grace_period = "5."
2018-02-23T22:54:41+00:00 MDaleDeskTopLinux#00 I: Configuration log_encoding = "utf-8"
2018-02-23T22:54:41+00:00 MDaleDeskTopLinux#00 I: Configuration output_junit_file = "none"
2018-02-23T22:54:41+00:00 MDaleDeskTopLinux#00 I: Configuration output_file = "/home/mdale/330/ocaml/p2b/_build/oUnit-$(suite_name)-$(shard_id).log"
2018-02-23T22:54:41+00:00 MDaleDeskTopLinux#00 I: Using 4 workers maximum.
2018-02-23T22:54:41+00:00 MDaleDeskTopLinux#00 I: Starting worker number MDaleDeskTopLinux#01.
2018-02-23T22:54:41+00:00 MDaleDeskTopLinux#00 I: Worker MDaleDeskTopLinux#01 started.
2018-02-23T22:54:41+00:00 MDaleDeskTopLinux#00 I: Starting worker number MDaleDeskTopLinux#02.
2018-02-23T22:54:41+00:00 MDaleDeskTopLinux#00 I: Worker MDaleDeskTopLinux#02 started.
2018-02-23T22:54:41+00:00 MDaleDeskTopLinux#00 I: Starting worker number MDaleDeskTopLinux#03.
2018-02-23T22:54:41+00:00 MDaleDeskTopLinux#00 I: Worker MDaleDeskTopLinux#03 started.
2018-02-23T22:54:41+00:00 MDaleDeskTopLinux#00 I: Starting worker number MDaleDeskTopLinux#04.
2018-02-23T22:54:41+00:00 MDaleDeskTopLinux#00 I: Worker MDaleDeskTopLinux#04 started.
2018-02-23T22:54:41+00:00 MDaleDeskTopLinux#00 I: 4 tests running: public:3:common_1, public:2:int_tree, public:1:high_order_2, public:0:high_order_1.
2018-02-23T22:54:41+00:00 MDaleDeskTopLinux#01 I: Start test public:0:high_order_1.
2018-02-23T22:54:41+00:00 MDaleDeskTopLinux#02 I: Start test public:1:high_order_2.
2018-02-23T22:54:41+00:00 MDaleDeskTopLinux#00 I: 4 tests running: public:3:common_1, public:2:int_tree, public:1:high_order_2, public:0:high_order_1.
2018-02-23T22:54:41+00:00 MDaleDeskTopLinux#01 I: Test public:0:high_order_1 is successful.
2018-02-23T22:54:41+00:00 MDaleDeskTopLinux#02 I: Test public:1:high_order_2 is successful.
2018-02-23T22:54:41+00:00 MDaleDeskTopLinux#00 I: 4 tests running: public:3:common_1, public:2:int_tree, public:1:high_order_2, public:0:high_order_1.
2018-02-23T22:54:41+00:00 MDaleDeskTopLinux#01 I: End test public:0:high_order_1.
2018-02-23T22:54:41+00:00 MDaleDeskTopLinux#02 I: End test public:1:high_order_2.
2018-02-23T22:54:41+00:00 MDaleDeskTopLinux#00 I: 4 tests running: public:3:common_1, public:2:int_tree, public:1:high_order_2, public:0:high_order_1.
2018-02-23T22:54:41+00:00 MDaleDeskTopLinux#00 I: 4 tests running: public:5:ptree, public:4:common_2, public:3:common_1, public:2:int_tree.
2018-02-23T22:54:41+00:00 MDaleDeskTopLinux#02 I: Start test public:4:common_2.
2018-02-23T22:54:41+00:00 MDaleDeskTopLinux#01 I: Start test public:5:ptree.
2018-02-23T22:54:41+00:00 MDaleDeskTopLinux#00 I: 4 tests running: public:5:ptree, public:4:common_2, public:3:common_1, public:2:int_tree.
2018-02-23T22:54:41+00:00 MDaleDeskTopLinux#03 I: Start test public:2:int_tree.
2018-02-23T22:54:41+00:00 MDaleDeskTopLinux#02 I: Test public:4:common_2 is successful.
2018-02-23T22:54:41+00:00 MDaleDeskTopLinux#01 I: Test public:5:ptree is successful.
2018-02-23T22:54:41+00:00 MDaleDeskTopLinux#00 I: 4 tests running: public:5:ptree, public:4:common_2, public:3:common_1, public:2:int_tree.
2018-02-23T22:54:41+00:00 MDaleDeskTopLinux#02 I: End test public:4:common_2.
2018-02-23T22:54:41+00:00 MDaleDeskTopLinux#01 I: End test public:5:ptree.
2018-02-23T22:54:41+00:00 MDaleDeskTopLinux#00 I: 4 tests running: public:5:ptree, public:4:common_2, public:3:common_1, public:2:int_tree.
2018-02-23T22:54:41+00:00 MDaleDeskTopLinux#00 I: Still 4 tests running : public:7:graph_2, public:6:graph_1, public:3:common_1, public:2:int_tree.
2018-02-23T22:54:41+00:00 MDaleDeskTopLinux#00 I: 4 tests running: public:7:graph_2, public:6:graph_1, public:3:common_1, public:2:int_tree.
2018-02-23T22:54:41+00:00 MDaleDeskTopLinux#01 I: Start test public:6:graph_1.
2018-02-23T22:54:41+00:00 MDaleDeskTopLinux#02 I: Start test public:7:graph_2.
2018-02-23T22:54:41+00:00 MDaleDeskTopLinux#00 I: Still 4 tests running : public:7:graph_2, public:6:graph_1, public:3:common_1, public:2:int_tree.
2018-02-23T22:54:41+00:00 MDaleDeskTopLinux#00 I: 4 tests running: public:7:graph_2, public:6:graph_1, public:3:common_1, public:2:int_tree.
2018-02-23T22:54:41+00:00 MDaleDeskTopLinux#03 I: Test public:2:int_tree is successful.
2018-02-23T22:54:41+00:00 MDaleDeskTopLinux#00 I: Still 4 tests running : public:7:graph_2, public:6:graph_1, public:3:common_1, public:2:int_tree.
2018-02-23T22:54:41+00:00 MDaleDeskTopLinux#00 I: 4 tests running: public:7:graph_2, public:6:graph_1, public:3:common_1, public:2:int_tree.
2018-02-23T22:54:41+00:00 MDaleDeskTopLinux#03 I: End test public:2:int_tree.
2018-02-23T22:54:41+00:00 MDaleDeskTopLinux#00 I: Still 4 tests running : public:7:graph_2, public:6:graph_1, public:3:common_1, public:2:int_tree.
2018-02-23T22:54:41+00:00 MDaleDeskTopLinux#00 I: 4 tests running: public:7:graph_2, public:6:graph_1, public:3:common_1, public:2:int_tree.
2018-02-23T22:54:41+00:00 MDaleDeskTopLinux#00 I: Still 3 tests running : public:7:graph_2, public:6:graph_1, public:3:common_1.
2018-02-23T22:54:41+00:00 MDaleDeskTopLinux#00 I: 3 tests running: public:7:graph_2, public:6:graph_1, public:3:common_1.
2018-02-23T22:54:41+00:00 MDaleDeskTopLinux#01 I: Test public:6:graph_1 is successful.
2018-02-23T22:54:41+00:00 MDaleDeskTopLinux#00 I: Still 3 tests running : public:7:graph_2, public:6:graph_1, public:3:common_1.
2018-02-23T22:54:41+00:00 MDaleDeskTopLinux#00 I: 3 tests running: public:7:graph_2, public:6:graph_1, public:3:common_1.
2018-02-23T22:54:41+00:00 MDaleDeskTopLinux#01 I: End test public:6:graph_1.
2018-02-23T22:54:41+00:00 MDaleDeskTopLinux#02 I: Test public:7:graph_2 is successful.
2018-02-23T22:54:41+00:00 MDaleDeskTopLinux#00 I: Still 3 tests running : public:7:graph_2, public:6:graph_1, public:3:common_1.
2018-02-23T22:54:41+00:00 MDaleDeskTopLinux#00 I: 3 tests running: public:7:graph_2, public:6:graph_1, public:3:common_1.
2018-02-23T22:54:41+00:00 MDaleDeskTopLinux#02 I: End test public:7:graph_2.
2018-02-23T22:54:41+00:00 MDaleDeskTopLinux#00 I: Still 2 tests running : public:7:graph_2, public:3:common_1.
2018-02-23T22:54:41+00:00 MDaleDeskTopLinux#00 I: 2 tests running: public:7:graph_2, public:3:common_1.
2018-02-23T22:54:41+00:00 MDaleDeskTopLinux#00 I: Still 1 tests running : public:3:common_1.
2018-02-23T22:54:41+00:00 MDaleDeskTopLinux#00 I: 1 tests running: public:3:common_1.
2018-02-23T22:54:41+00:00 MDaleDeskTopLinux#04 I: Start test public:3:common_1.
2018-02-23T22:54:41+00:00 MDaleDeskTopLinux#00 I: Still 1 tests running : public:3:common_1.
2018-02-23T22:54:41+00:00 MDaleDeskTopLinux#00 I: 1 tests running: public:3:common_1.
2018-02-23T22:54:41+00:00 MDaleDeskTopLinux#04 I: Test public:3:common_1 is successful.
2018-02-23T22:54:41+00:00 MDaleDeskTopLinux#00 I: Still 1 tests running : public:3:common_1.
2018-02-23T22:54:41+00:00 MDaleDeskTopLinux#00 I: 1 tests running: public:3:common_1.
2018-02-23T22:54:41+00:00 MDaleDeskTopLinux#04 I: End test public:3:common_1.
2018-02-23T22:54:41+00:00 MDaleDeskTopLinux#00 I: Still 1 tests running : public:3:common_1.
2018-02-23T22:54:41+00:00 MDaleDeskTopLinux#00 I: 1 tests running: public:3:common_1.
2018-02-23T22:54:41+00:00 MDaleDeskTopLinux#00 I: 0 tests running: .
2018-02-23T22:54:41+00:00 MDaleDeskTopLinux#00 I: Worker MDaleDeskTopLinux#03 has ended.
2018-02-23T22:54:41+00:00 MDaleDeskTopLinux#00 I: Worker MDaleDeskTopLinux#01 has ended.
2018-02-23T22:54:41+00:00 MDaleDeskTopLinux#00 I: Worker MDaleDeskTopLinux#02 has ended.
2018-02-23T22:54:41+00:00 MDaleDeskTopLinux#00 I: Worker MDaleDeskTopLinux#04 has ended.
2018-02-23T22:54:41+00:00 MDaleDeskTopLinux#00 I: Used 4 worker during test execution.
2018-02-23T22:54:41+00:00 MDaleDeskTopLinux#00 I: Run 1 tests with shard MDaleDeskTopLinux#03.
2018-02-23T22:54:41+00:00 MDaleDeskTopLinux#00 I: Run 1 tests with shard MDaleDeskTopLinux#04.
2018-02-23T22:54:41+00:00 MDaleDeskTopLinux#00 I: Run 3 tests with shard MDaleDeskTopLinux#02.
2018-02-23T22:54:41+00:00 MDaleDeskTopLinux#00 I: Run 3 tests with shard MDaleDeskTopLinux#01.
2018-02-23T22:54:41+00:00 MDaleDeskTopLinux#00 I: ==============
2018-02-23T22:54:41+00:00 MDaleDeskTopLinux#00 I: Summary:
2018-02-23T22:54:41+00:00 MDaleDeskTopLinux#00 I: Test public:3:common_1 is successful.
2018-02-23T22:54:41+00:00 MDaleDeskTopLinux#00 I: Test public:7:graph_2 is successful.
2018-02-23T22:54:41+00:00 MDaleDeskTopLinux#00 I: Test public:6:graph_1 is successful.
2018-02-23T22:54:41+00:00 MDaleDeskTopLinux#00 I: Test public:2:int_tree is successful.
2018-02-23T22:54:41+00:00 MDaleDeskTopLinux#00 I: Test public:5:ptree is successful.
2018-02-23T22:54:41+00:00 MDaleDeskTopLinux#00 I: Test public:4:common_2 is successful.
2018-02-23T22:54:41+00:00 MDaleDeskTopLinux#00 I: Test public:1:high_order_2 is successful.
2018-02-23T22:54:41+00:00 MDaleDeskTopLinux#00 I: Test public:0:high_order_1 is successful.
2018-02-23T22:54:41+00:00 MDaleDeskTopLinux#00 I: Ran: 8 tests in: 0.11 seconds.
2018-02-23T22:54:41+00:00 MDaleDeskTopLinux#00 I: Cases: 8.
2018-02-23T22:54:41+00:00 MDaleDeskTopLinux#00 I: Tried: 8.
2018-02-23T22:54:41+00:00 MDaleDeskTopLinux#00 I: Errors: 0.
2018-02-23T22:54:41+00:00 MDaleDeskTopLinux#00 I: Failures: 0.
2018-02-23T22:54:41+00:00 MDaleDeskTopLinux#00 I: Skip: 0.
2018-02-23T22:54:41+00:00 MDaleDeskTopLinux#00 I: Todo: 0.
2018-02-23T22:54:41+00:00 MDaleDeskTopLinux#00 I: Timeout: 0.
