2018-02-23T00:30:18+00:00 MDaleDeskTopLinux#04 I: Start test public:3:common_1.
2018-02-23T00:30:18+00:00 MDaleDeskTopLinux#04 E: Test public:3:common_1 exited with an error.
2018-02-23T00:30:18+00:00 MDaleDeskTopLinux#04 E: Failure("unimplemented") in test public:3:common_1.
2018-02-23T00:30:18+00:00 MDaleDeskTopLinux#04 E: Raised at file "pervasives.ml", line 30, characters 22-33
2018-02-23T00:30:18+00:00 MDaleDeskTopLinux#04 E: Called from file "src/oUnitRunner.ml", line 46, characters 13-26
2018-02-23T00:30:18+00:00 MDaleDeskTopLinux#04 E: 
2018-02-23T00:30:18+00:00 MDaleDeskTopLinux#04 I: End test public:3:common_1.
2018-02-23T00:30:18+00:00 MDaleDeskTopLinux#04 I: Start test public:5:ptree.
2018-02-23T00:30:18+00:00 MDaleDeskTopLinux#04 E: Test public:5:ptree exited with an error.
2018-02-23T00:30:18+00:00 MDaleDeskTopLinux#04 E: Failure("unimplemented") in test public:5:ptree.
2018-02-23T00:30:18+00:00 MDaleDeskTopLinux#04 E: Raised at file "pervasives.ml", line 30, characters 22-33
2018-02-23T00:30:18+00:00 MDaleDeskTopLinux#04 E: Called from file "src/oUnitRunner.ml", line 46, characters 13-26
2018-02-23T00:30:18+00:00 MDaleDeskTopLinux#04 E: 
2018-02-23T00:30:18+00:00 MDaleDeskTopLinux#04 I: End test public:5:ptree.
2018-02-23T00:30:18+00:00 MDaleDeskTopLinux#04 I: Start test public:7:graph_2.
2018-02-23T00:30:18+00:00 MDaleDeskTopLinux#04 E: Test public:7:graph_2 exited with an error.
2018-02-23T00:30:18+00:00 MDaleDeskTopLinux#04 E: Failure("unimplemented") in test public:7:graph_2.
2018-02-23T00:30:18+00:00 MDaleDeskTopLinux#04 E: Raised at file "pervasives.ml", line 30, characters 22-33
2018-02-23T00:30:18+00:00 MDaleDeskTopLinux#04 E: Called from file "src/oUnitRunner.ml", line 46, characters 13-26
2018-02-23T00:30:18+00:00 MDaleDeskTopLinux#04 E: 
2018-02-23T00:30:18+00:00 MDaleDeskTopLinux#04 I: End test public:7:graph_2.
