2018-02-20T21:41:43+00:00 maxl-Gazelle#00 I: Runner: processes
2018-02-20T21:41:43+00:00 maxl-Gazelle#00 I: Chooser: simple
2018-02-20T21:41:43+00:00 maxl-Gazelle#00 I: Configuration suite_name = "public"
2018-02-20T21:41:43+00:00 maxl-Gazelle#00 I: Configuration cache_filename = "/home/maxl/330/ocaml/public/p2b/_build/oUnit-$(suite_name).cache"
2018-02-20T21:41:43+00:00 maxl-Gazelle#00 I: Configuration display = "true"
2018-02-20T21:41:43+00:00 maxl-Gazelle#00 I: Configuration results_style_1_X = "false"
2018-02-20T21:41:43+00:00 maxl-Gazelle#00 I: Configuration verbose = "false"
2018-02-20T21:41:43+00:00 maxl-Gazelle#00 I: Configuration health_check_interval = "1."
2018-02-20T21:41:43+00:00 maxl-Gazelle#00 I: Configuration testdata_dir = "none"
2018-02-20T21:41:43+00:00 maxl-Gazelle#00 I: Configuration chooser = "simple"
2018-02-20T21:41:43+00:00 maxl-Gazelle#00 I: Configuration output_html_dir = "none"
2018-02-20T21:41:43+00:00 maxl-Gazelle#00 I: Configuration processes_kill_period = "5."
2018-02-20T21:41:43+00:00 maxl-Gazelle#00 I: Configuration runner = "processes"
2018-02-20T21:41:43+00:00 maxl-Gazelle#00 I: Configuration shards = "4"
2018-02-20T21:41:43+00:00 maxl-Gazelle#00 I: Configuration processes_grace_period = "5."
2018-02-20T21:41:43+00:00 maxl-Gazelle#00 I: Configuration log_encoding = "utf-8"
2018-02-20T21:41:43+00:00 maxl-Gazelle#00 I: Configuration output_junit_file = "none"
2018-02-20T21:41:43+00:00 maxl-Gazelle#00 I: Configuration output_file = "/home/maxl/330/ocaml/public/p2b/_build/oUnit-$(suite_name)-$(shard_id).log"
2018-02-20T21:41:43+00:00 maxl-Gazelle#00 I: Using 4 workers maximum.
2018-02-20T21:41:43+00:00 maxl-Gazelle#00 I: Starting worker number maxl-Gazelle#01.
2018-02-20T21:41:43+00:00 maxl-Gazelle#00 I: Worker maxl-Gazelle#01 started.
2018-02-20T21:41:43+00:00 maxl-Gazelle#00 I: Starting worker number maxl-Gazelle#02.
2018-02-20T21:41:43+00:00 maxl-Gazelle#00 I: Worker maxl-Gazelle#02 started.
2018-02-20T21:41:43+00:00 maxl-Gazelle#00 I: Starting worker number maxl-Gazelle#03.
2018-02-20T21:41:43+00:00 maxl-Gazelle#00 I: Worker maxl-Gazelle#03 started.
2018-02-20T21:41:43+00:00 maxl-Gazelle#00 I: Starting worker number maxl-Gazelle#04.
2018-02-20T21:41:43+00:00 maxl-Gazelle#00 I: Worker maxl-Gazelle#04 started.
2018-02-20T21:41:43+00:00 maxl-Gazelle#00 I: 4 tests running: public:3:common_1, public:2:int_tree, public:1:high_order_2, public:0:high_order_1.
2018-02-20T21:41:43+00:00 maxl-Gazelle#01 I: Start test public:0:high_order_1.
2018-02-20T21:41:43+00:00 maxl-Gazelle#02 I: Start test public:1:high_order_2.
2018-02-20T21:41:43+00:00 maxl-Gazelle#00 I: 4 tests running: public:3:common_1, public:2:int_tree, public:1:high_order_2, public:0:high_order_1.
2018-02-20T21:41:43+00:00 maxl-Gazelle#01 E: Test public:0:high_order_1 exited with an error.
2018-02-20T21:41:43+00:00 maxl-Gazelle#01 E: Failure("unimplemented") in test public:0:high_order_1.
2018-02-20T21:41:43+00:00 maxl-Gazelle#01 E: Raised at file "pervasives.ml", line 30, characters 22-33
2018-02-20T21:41:43+00:00 maxl-Gazelle#01 E: Called from file "src/oUnitRunner.ml", line 46, characters 13-26
2018-02-20T21:41:43+00:00 maxl-Gazelle#01 E: 
2018-02-20T21:41:43+00:00 maxl-Gazelle#02 E: Test public:1:high_order_2 exited with an error.
2018-02-20T21:41:43+00:00 maxl-Gazelle#02 E: Failure("unimplemented") in test public:1:high_order_2.
2018-02-20T21:41:43+00:00 maxl-Gazelle#02 E: Raised at file "pervasives.ml", line 30, characters 22-33
2018-02-20T21:41:43+00:00 maxl-Gazelle#02 E: Called from file "src/oUnitRunner.ml", line 46, characters 13-26
2018-02-20T21:41:43+00:00 maxl-Gazelle#02 E: 
2018-02-20T21:41:43+00:00 maxl-Gazelle#03 I: Start test public:2:int_tree.
2018-02-20T21:41:43+00:00 maxl-Gazelle#00 I: 4 tests running: public:3:common_1, public:2:int_tree, public:1:high_order_2, public:0:high_order_1.
2018-02-20T21:41:43+00:00 maxl-Gazelle#01 I: End test public:0:high_order_1.
2018-02-20T21:41:43+00:00 maxl-Gazelle#02 I: End test public:1:high_order_2.
2018-02-20T21:41:43+00:00 maxl-Gazelle#03 E: Test public:2:int_tree exited with an error.
2018-02-20T21:41:43+00:00 maxl-Gazelle#03 E: Failure("unimplemented") in test public:2:int_tree.
2018-02-20T21:41:43+00:00 maxl-Gazelle#03 E: Raised at file "pervasives.ml", line 30, characters 22-33
2018-02-20T21:41:43+00:00 maxl-Gazelle#03 E: Called from file "src/oUnitRunner.ml", line 46, characters 13-26
2018-02-20T21:41:43+00:00 maxl-Gazelle#03 E: 
2018-02-20T21:41:43+00:00 maxl-Gazelle#04 I: Start test public:3:common_1.
2018-02-20T21:41:43+00:00 maxl-Gazelle#00 I: 4 tests running: public:3:common_1, public:2:int_tree, public:1:high_order_2, public:0:high_order_1.
2018-02-20T21:41:43+00:00 maxl-Gazelle#03 I: End test public:2:int_tree.
2018-02-20T21:41:43+00:00 maxl-Gazelle#04 E: Test public:3:common_1 exited with an error.
2018-02-20T21:41:43+00:00 maxl-Gazelle#04 E: Failure("unimplemented") in test public:3:common_1.
2018-02-20T21:41:43+00:00 maxl-Gazelle#04 E: Raised at file "pervasives.ml", line 30, characters 22-33
2018-02-20T21:41:43+00:00 maxl-Gazelle#04 E: Called from file "src/oUnitRunner.ml", line 46, characters 13-26
2018-02-20T21:41:43+00:00 maxl-Gazelle#04 E: 
2018-02-20T21:41:43+00:00 maxl-Gazelle#00 I: 4 tests running: public:5:ptree, public:4:common_2, public:3:common_1, public:2:int_tree.
2018-02-20T21:41:43+00:00 maxl-Gazelle#04 I: End test public:3:common_1.
2018-02-20T21:41:43+00:00 maxl-Gazelle#02 I: Start test public:4:common_2.
2018-02-20T21:41:43+00:00 maxl-Gazelle#01 I: Start test public:5:ptree.
2018-02-20T21:41:43+00:00 maxl-Gazelle#00 I: 4 tests running: public:6:graph_1, public:5:ptree, public:4:common_2, public:3:common_1.
2018-02-20T21:41:43+00:00 maxl-Gazelle#02 E: Test public:4:common_2 exited with an error.
2018-02-20T21:41:43+00:00 maxl-Gazelle#02 E: Failure("unimplemented") in test public:4:common_2.
2018-02-20T21:41:43+00:00 maxl-Gazelle#02 E: Raised at file "pervasives.ml", line 30, characters 22-33
2018-02-20T21:41:43+00:00 maxl-Gazelle#02 E: Called from file "src/oUnitRunner.ml", line 46, characters 13-26
2018-02-20T21:41:43+00:00 maxl-Gazelle#02 E: 
2018-02-20T21:41:43+00:00 maxl-Gazelle#01 E: Test public:5:ptree exited with an error.
2018-02-20T21:41:43+00:00 maxl-Gazelle#01 E: Failure("unimplemented") in test public:5:ptree.
2018-02-20T21:41:43+00:00 maxl-Gazelle#01 E: Raised at file "pervasives.ml", line 30, characters 22-33
2018-02-20T21:41:43+00:00 maxl-Gazelle#01 E: Called from file "src/oUnitRunner.ml", line 46, characters 13-26
2018-02-20T21:41:43+00:00 maxl-Gazelle#01 E: 
2018-02-20T21:41:43+00:00 maxl-Gazelle#00 I: Still 4 tests running : public:7:graph_2, public:6:graph_1, public:5:ptree, public:4:common_2.
2018-02-20T21:41:43+00:00 maxl-Gazelle#00 I: 4 tests running: public:7:graph_2, public:6:graph_1, public:5:ptree, public:4:common_2.
2018-02-20T21:41:43+00:00 maxl-Gazelle#02 I: End test public:4:common_2.
2018-02-20T21:41:43+00:00 maxl-Gazelle#01 I: End test public:5:ptree.
2018-02-20T21:41:43+00:00 maxl-Gazelle#03 I: Start test public:6:graph_1.
2018-02-20T21:41:43+00:00 maxl-Gazelle#04 I: Start test public:7:graph_2.
2018-02-20T21:41:43+00:00 maxl-Gazelle#00 I: Still 4 tests running : public:7:graph_2, public:6:graph_1, public:5:ptree, public:4:common_2.
2018-02-20T21:41:43+00:00 maxl-Gazelle#00 I: 4 tests running: public:7:graph_2, public:6:graph_1, public:5:ptree, public:4:common_2.
2018-02-20T21:41:43+00:00 maxl-Gazelle#03 E: Test public:6:graph_1 exited with an error.
2018-02-20T21:41:43+00:00 maxl-Gazelle#03 E: Failure("unimplemented") in test public:6:graph_1.
2018-02-20T21:41:43+00:00 maxl-Gazelle#03 E: Raised at file "pervasives.ml", line 30, characters 22-33
2018-02-20T21:41:43+00:00 maxl-Gazelle#03 E: Called from file "src/oUnitRunner.ml", line 46, characters 13-26
2018-02-20T21:41:43+00:00 maxl-Gazelle#03 E: 
2018-02-20T21:41:43+00:00 maxl-Gazelle#04 E: Test public:7:graph_2 exited with an error.
2018-02-20T21:41:43+00:00 maxl-Gazelle#04 E: Failure("unimplemented") in test public:7:graph_2.
2018-02-20T21:41:43+00:00 maxl-Gazelle#04 E: Raised at file "pervasives.ml", line 30, characters 22-33
2018-02-20T21:41:43+00:00 maxl-Gazelle#04 E: Called from file "src/oUnitRunner.ml", line 46, characters 13-26
2018-02-20T21:41:43+00:00 maxl-Gazelle#04 E: 
2018-02-20T21:41:43+00:00 maxl-Gazelle#00 I: Still 2 tests running : public:7:graph_2, public:6:graph_1.
2018-02-20T21:41:43+00:00 maxl-Gazelle#00 I: 2 tests running: public:7:graph_2, public:6:graph_1.
2018-02-20T21:41:43+00:00 maxl-Gazelle#03 I: End test public:6:graph_1.
2018-02-20T21:41:43+00:00 maxl-Gazelle#04 I: End test public:7:graph_2.
2018-02-20T21:41:43+00:00 maxl-Gazelle#00 I: Still 2 tests running : public:7:graph_2, public:6:graph_1.
2018-02-20T21:41:43+00:00 maxl-Gazelle#00 I: 2 tests running: public:7:graph_2, public:6:graph_1.
2018-02-20T21:41:43+00:00 maxl-Gazelle#00 I: 0 tests running: .
2018-02-20T21:41:43+00:00 maxl-Gazelle#00 I: Worker maxl-Gazelle#02 has ended.
2018-02-20T21:41:43+00:00 maxl-Gazelle#00 I: Worker maxl-Gazelle#01 has ended.
2018-02-20T21:41:43+00:00 maxl-Gazelle#00 I: Worker maxl-Gazelle#03 has ended.
2018-02-20T21:41:43+00:00 maxl-Gazelle#00 I: Worker maxl-Gazelle#04 has ended.
2018-02-20T21:41:43+00:00 maxl-Gazelle#00 I: Used 4 worker during test execution.
2018-02-20T21:41:43+00:00 maxl-Gazelle#00 I: Run 2 tests with shard maxl-Gazelle#04.
2018-02-20T21:41:43+00:00 maxl-Gazelle#00 I: Run 2 tests with shard maxl-Gazelle#01.
2018-02-20T21:41:43+00:00 maxl-Gazelle#00 I: Run 2 tests with shard maxl-Gazelle#03.
2018-02-20T21:41:43+00:00 maxl-Gazelle#00 I: Run 2 tests with shard maxl-Gazelle#02.
2018-02-20T21:41:43+00:00 maxl-Gazelle#00 I: ==============
2018-02-20T21:41:43+00:00 maxl-Gazelle#00 I: Summary:
2018-02-20T21:41:43+00:00 maxl-Gazelle#00 E: Test public:7:graph_2 exited with an error.
2018-02-20T21:41:43+00:00 maxl-Gazelle#00 E: Failure("unimplemented") in test public:7:graph_2.
2018-02-20T21:41:43+00:00 maxl-Gazelle#00 E: Raised at file "pervasives.ml", line 30, characters 22-33
2018-02-20T21:41:43+00:00 maxl-Gazelle#00 E: Called from file "src/oUnitRunner.ml", line 46, characters 13-26
2018-02-20T21:41:43+00:00 maxl-Gazelle#00 E: 
2018-02-20T21:41:43+00:00 maxl-Gazelle#00 E: Test public:6:graph_1 exited with an error.
2018-02-20T21:41:43+00:00 maxl-Gazelle#00 E: Failure("unimplemented") in test public:6:graph_1.
2018-02-20T21:41:43+00:00 maxl-Gazelle#00 E: Raised at file "pervasives.ml", line 30, characters 22-33
2018-02-20T21:41:43+00:00 maxl-Gazelle#00 E: Called from file "src/oUnitRunner.ml", line 46, characters 13-26
2018-02-20T21:41:43+00:00 maxl-Gazelle#00 E: 
2018-02-20T21:41:43+00:00 maxl-Gazelle#00 E: Test public:5:ptree exited with an error.
2018-02-20T21:41:43+00:00 maxl-Gazelle#00 E: Failure("unimplemented") in test public:5:ptree.
2018-02-20T21:41:43+00:00 maxl-Gazelle#00 E: Raised at file "pervasives.ml", line 30, characters 22-33
2018-02-20T21:41:43+00:00 maxl-Gazelle#00 E: Called from file "src/oUnitRunner.ml", line 46, characters 13-26
2018-02-20T21:41:43+00:00 maxl-Gazelle#00 E: 
2018-02-20T21:41:43+00:00 maxl-Gazelle#00 E: Test public:4:common_2 exited with an error.
2018-02-20T21:41:43+00:00 maxl-Gazelle#00 E: Failure("unimplemented") in test public:4:common_2.
2018-02-20T21:41:43+00:00 maxl-Gazelle#00 E: Raised at file "pervasives.ml", line 30, characters 22-33
2018-02-20T21:41:43+00:00 maxl-Gazelle#00 E: Called from file "src/oUnitRunner.ml", line 46, characters 13-26
2018-02-20T21:41:43+00:00 maxl-Gazelle#00 E: 
2018-02-20T21:41:43+00:00 maxl-Gazelle#00 E: Test public:3:common_1 exited with an error.
2018-02-20T21:41:43+00:00 maxl-Gazelle#00 E: Failure("unimplemented") in test public:3:common_1.
2018-02-20T21:41:43+00:00 maxl-Gazelle#00 E: Raised at file "pervasives.ml", line 30, characters 22-33
2018-02-20T21:41:43+00:00 maxl-Gazelle#00 E: Called from file "src/oUnitRunner.ml", line 46, characters 13-26
2018-02-20T21:41:43+00:00 maxl-Gazelle#00 E: 
2018-02-20T21:41:43+00:00 maxl-Gazelle#00 E: Test public:2:int_tree exited with an error.
2018-02-20T21:41:43+00:00 maxl-Gazelle#00 E: Failure("unimplemented") in test public:2:int_tree.
2018-02-20T21:41:43+00:00 maxl-Gazelle#00 E: Raised at file "pervasives.ml", line 30, characters 22-33
2018-02-20T21:41:43+00:00 maxl-Gazelle#00 E: Called from file "src/oUnitRunner.ml", line 46, characters 13-26
2018-02-20T21:41:43+00:00 maxl-Gazelle#00 E: 
2018-02-20T21:41:43+00:00 maxl-Gazelle#00 E: Test public:1:high_order_2 exited with an error.
2018-02-20T21:41:43+00:00 maxl-Gazelle#00 E: Failure("unimplemented") in test public:1:high_order_2.
2018-02-20T21:41:43+00:00 maxl-Gazelle#00 E: Raised at file "pervasives.ml", line 30, characters 22-33
2018-02-20T21:41:43+00:00 maxl-Gazelle#00 E: Called from file "src/oUnitRunner.ml", line 46, characters 13-26
2018-02-20T21:41:43+00:00 maxl-Gazelle#00 E: 
2018-02-20T21:41:43+00:00 maxl-Gazelle#00 E: Test public:0:high_order_1 exited with an error.
2018-02-20T21:41:43+00:00 maxl-Gazelle#00 E: Failure("unimplemented") in test public:0:high_order_1.
2018-02-20T21:41:43+00:00 maxl-Gazelle#00 E: Raised at file "pervasives.ml", line 30, characters 22-33
2018-02-20T21:41:43+00:00 maxl-Gazelle#00 E: Called from file "src/oUnitRunner.ml", line 46, characters 13-26
2018-02-20T21:41:43+00:00 maxl-Gazelle#00 E: 
2018-02-20T21:41:43+00:00 maxl-Gazelle#00 I: Ran: 8 tests in: 0.10 seconds.
2018-02-20T21:41:43+00:00 maxl-Gazelle#00 I: Cases: 8.
2018-02-20T21:41:43+00:00 maxl-Gazelle#00 I: Tried: 8.
2018-02-20T21:41:43+00:00 maxl-Gazelle#00 I: Errors: 8.
2018-02-20T21:41:43+00:00 maxl-Gazelle#00 I: Failures: 0.
2018-02-20T21:41:43+00:00 maxl-Gazelle#00 I: Skip: 0.
2018-02-20T21:41:43+00:00 maxl-Gazelle#00 I: Todo: 0.
2018-02-20T21:41:43+00:00 maxl-Gazelle#00 I: Timeout: 0.
