2018-02-16T22:33:01+00:00 MDaleDeskTopLinux#00 I: Runner: processes
2018-02-16T22:33:01+00:00 MDaleDeskTopLinux#00 I: Chooser: simple
2018-02-16T22:33:01+00:00 MDaleDeskTopLinux#00 I: Configuration suite_name = "disc3"
2018-02-16T22:33:01+00:00 MDaleDeskTopLinux#00 I: Configuration cache_filename = "/home/mdale/330/ocaml/discussions/disc3/_build/oUnit-$(suite_name).cache"
2018-02-16T22:33:01+00:00 MDaleDeskTopLinux#00 I: Configuration display = "true"
2018-02-16T22:33:01+00:00 MDaleDeskTopLinux#00 I: Configuration results_style_1_X = "false"
2018-02-16T22:33:01+00:00 MDaleDeskTopLinux#00 I: Configuration verbose = "false"
2018-02-16T22:33:01+00:00 MDaleDeskTopLinux#00 I: Configuration health_check_interval = "1."
2018-02-16T22:33:01+00:00 MDaleDeskTopLinux#00 I: Configuration testdata_dir = "none"
2018-02-16T22:33:01+00:00 MDaleDeskTopLinux#00 I: Configuration chooser = "simple"
2018-02-16T22:33:01+00:00 MDaleDeskTopLinux#00 I: Configuration output_html_dir = "none"
2018-02-16T22:33:01+00:00 MDaleDeskTopLinux#00 I: Configuration processes_kill_period = "5."
2018-02-16T22:33:01+00:00 MDaleDeskTopLinux#00 I: Configuration runner = "processes"
2018-02-16T22:33:01+00:00 MDaleDeskTopLinux#00 I: Configuration shards = "4"
2018-02-16T22:33:01+00:00 MDaleDeskTopLinux#00 I: Configuration processes_grace_period = "5."
2018-02-16T22:33:01+00:00 MDaleDeskTopLinux#00 I: Configuration log_encoding = "utf-8"
2018-02-16T22:33:01+00:00 MDaleDeskTopLinux#00 I: Configuration output_junit_file = "none"
2018-02-16T22:33:01+00:00 MDaleDeskTopLinux#00 I: Configuration output_file = "/home/mdale/330/ocaml/discussions/disc3/_build/oUnit-$(suite_name)-$(shard_id).log"
2018-02-16T22:33:01+00:00 MDaleDeskTopLinux#00 I: Using 4 workers maximum.
2018-02-16T22:33:01+00:00 MDaleDeskTopLinux#00 I: Starting worker number MDaleDeskTopLinux#01.
2018-02-16T22:33:01+00:00 MDaleDeskTopLinux#00 I: Worker MDaleDeskTopLinux#01 started.
2018-02-16T22:33:01+00:00 MDaleDeskTopLinux#00 I: Starting worker number MDaleDeskTopLinux#02.
2018-02-16T22:33:01+00:00 MDaleDeskTopLinux#00 I: Worker MDaleDeskTopLinux#02 started.
2018-02-16T22:33:01+00:00 MDaleDeskTopLinux#00 I: Starting worker number MDaleDeskTopLinux#03.
2018-02-16T22:33:01+00:00 MDaleDeskTopLinux#00 I: Worker MDaleDeskTopLinux#03 started.
2018-02-16T22:33:01+00:00 MDaleDeskTopLinux#00 I: Starting worker number MDaleDeskTopLinux#04.
2018-02-16T22:33:01+00:00 MDaleDeskTopLinux#00 I: Worker MDaleDeskTopLinux#04 started.
2018-02-16T22:33:01+00:00 MDaleDeskTopLinux#00 I: 4 tests running: disc3:3:sum_digits, disc3:2:unary, disc3:1:fact_tr_aux, disc3:0:fact.
2018-02-16T22:33:01+00:00 MDaleDeskTopLinux#01 I: Start test disc3:0:fact.
2018-02-16T22:33:01+00:00 MDaleDeskTopLinux#00 I: 4 tests running: disc3:3:sum_digits, disc3:2:unary, disc3:1:fact_tr_aux, disc3:0:fact.
2018-02-16T22:33:01+00:00 MDaleDeskTopLinux#01 I: Test disc3:0:fact is successful.
2018-02-16T22:33:01+00:00 MDaleDeskTopLinux#00 I: 4 tests running: disc3:3:sum_digits, disc3:2:unary, disc3:1:fact_tr_aux, disc3:0:fact.
2018-02-16T22:33:01+00:00 MDaleDeskTopLinux#01 I: End test disc3:0:fact.
2018-02-16T22:33:01+00:00 MDaleDeskTopLinux#00 I: 4 tests running: disc3:3:sum_digits, disc3:2:unary, disc3:1:fact_tr_aux, disc3:0:fact.
2018-02-16T22:33:01+00:00 MDaleDeskTopLinux#00 I: Still 4 tests running : disc3:4:binary, disc3:3:sum_digits, disc3:2:unary, disc3:1:fact_tr_aux.
2018-02-16T22:33:01+00:00 MDaleDeskTopLinux#00 I: 4 tests running: disc3:4:binary, disc3:3:sum_digits, disc3:2:unary, disc3:1:fact_tr_aux.
2018-02-16T22:33:01+00:00 MDaleDeskTopLinux#01 I: Start test disc3:4:binary.
2018-02-16T22:33:01+00:00 MDaleDeskTopLinux#00 I: Still 4 tests running : disc3:4:binary, disc3:3:sum_digits, disc3:2:unary, disc3:1:fact_tr_aux.
2018-02-16T22:33:01+00:00 MDaleDeskTopLinux#00 I: 4 tests running: disc3:4:binary, disc3:3:sum_digits, disc3:2:unary, disc3:1:fact_tr_aux.
2018-02-16T22:33:01+00:00 MDaleDeskTopLinux#04 I: Start test disc3:3:sum_digits.
2018-02-16T22:33:01+00:00 MDaleDeskTopLinux#00 I: Still 4 tests running : disc3:4:binary, disc3:3:sum_digits, disc3:2:unary, disc3:1:fact_tr_aux.
2018-02-16T22:33:01+00:00 MDaleDeskTopLinux#00 I: 4 tests running: disc3:4:binary, disc3:3:sum_digits, disc3:2:unary, disc3:1:fact_tr_aux.
2018-02-16T22:33:01+00:00 MDaleDeskTopLinux#04 I: Test disc3:3:sum_digits is successful.
2018-02-16T22:33:01+00:00 MDaleDeskTopLinux#01 I: Test disc3:4:binary is successful.
2018-02-16T22:33:01+00:00 MDaleDeskTopLinux#00 I: Still 4 tests running : disc3:4:binary, disc3:3:sum_digits, disc3:2:unary, disc3:1:fact_tr_aux.
2018-02-16T22:33:01+00:00 MDaleDeskTopLinux#00 I: 4 tests running: disc3:4:binary, disc3:3:sum_digits, disc3:2:unary, disc3:1:fact_tr_aux.
2018-02-16T22:33:01+00:00 MDaleDeskTopLinux#02 I: Start test disc3:1:fact_tr_aux.
2018-02-16T22:33:01+00:00 MDaleDeskTopLinux#03 I: Start test disc3:2:unary.
2018-02-16T22:33:01+00:00 MDaleDeskTopLinux#04 I: End test disc3:3:sum_digits.
2018-02-16T22:33:01+00:00 MDaleDeskTopLinux#01 I: End test disc3:4:binary.
2018-02-16T22:33:01+00:00 MDaleDeskTopLinux#00 I: Still 4 tests running : disc3:4:binary, disc3:3:sum_digits, disc3:2:unary, disc3:1:fact_tr_aux.
2018-02-16T22:33:01+00:00 MDaleDeskTopLinux#00 I: 4 tests running: disc3:4:binary, disc3:3:sum_digits, disc3:2:unary, disc3:1:fact_tr_aux.
2018-02-16T22:33:01+00:00 MDaleDeskTopLinux#00 I: Still 2 tests running : disc3:2:unary, disc3:1:fact_tr_aux.
2018-02-16T22:33:01+00:00 MDaleDeskTopLinux#00 I: 2 tests running: disc3:2:unary, disc3:1:fact_tr_aux.
2018-02-16T22:33:01+00:00 MDaleDeskTopLinux#02 I: Test disc3:1:fact_tr_aux is successful.
2018-02-16T22:33:01+00:00 MDaleDeskTopLinux#03 I: Test disc3:2:unary is successful.
2018-02-16T22:33:01+00:00 MDaleDeskTopLinux#00 I: Still 2 tests running : disc3:2:unary, disc3:1:fact_tr_aux.
2018-02-16T22:33:01+00:00 MDaleDeskTopLinux#00 I: 2 tests running: disc3:2:unary, disc3:1:fact_tr_aux.
2018-02-16T22:33:01+00:00 MDaleDeskTopLinux#02 I: End test disc3:1:fact_tr_aux.
2018-02-16T22:33:01+00:00 MDaleDeskTopLinux#03 I: End test disc3:2:unary.
2018-02-16T22:33:01+00:00 MDaleDeskTopLinux#00 I: Still 2 tests running : disc3:2:unary, disc3:1:fact_tr_aux.
2018-02-16T22:33:01+00:00 MDaleDeskTopLinux#00 I: 2 tests running: disc3:2:unary, disc3:1:fact_tr_aux.
2018-02-16T22:33:01+00:00 MDaleDeskTopLinux#00 I: 0 tests running: .
2018-02-16T22:33:01+00:00 MDaleDeskTopLinux#00 I: Worker MDaleDeskTopLinux#04 has ended.
2018-02-16T22:33:01+00:00 MDaleDeskTopLinux#00 I: Worker MDaleDeskTopLinux#01 has ended.
2018-02-16T22:33:01+00:00 MDaleDeskTopLinux#00 I: Worker MDaleDeskTopLinux#02 has ended.
2018-02-16T22:33:01+00:00 MDaleDeskTopLinux#00 I: Worker MDaleDeskTopLinux#03 has ended.
2018-02-16T22:33:01+00:00 MDaleDeskTopLinux#00 I: Used 4 worker during test execution.
2018-02-16T22:33:01+00:00 MDaleDeskTopLinux#00 I: Run 1 tests with shard MDaleDeskTopLinux#03.
2018-02-16T22:33:01+00:00 MDaleDeskTopLinux#00 I: Run 1 tests with shard MDaleDeskTopLinux#04.
2018-02-16T22:33:01+00:00 MDaleDeskTopLinux#00 I: Run 1 tests with shard MDaleDeskTopLinux#02.
2018-02-16T22:33:01+00:00 MDaleDeskTopLinux#00 I: Run 2 tests with shard MDaleDeskTopLinux#01.
2018-02-16T22:33:01+00:00 MDaleDeskTopLinux#00 I: ==============
2018-02-16T22:33:01+00:00 MDaleDeskTopLinux#00 I: Summary:
2018-02-16T22:33:01+00:00 MDaleDeskTopLinux#00 I: Test disc3:2:unary is successful.
2018-02-16T22:33:01+00:00 MDaleDeskTopLinux#00 I: Test disc3:1:fact_tr_aux is successful.
2018-02-16T22:33:01+00:00 MDaleDeskTopLinux#00 I: Test disc3:4:binary is successful.
2018-02-16T22:33:01+00:00 MDaleDeskTopLinux#00 I: Test disc3:3:sum_digits is successful.
2018-02-16T22:33:01+00:00 MDaleDeskTopLinux#00 I: Test disc3:0:fact is successful.
2018-02-16T22:33:01+00:00 MDaleDeskTopLinux#00 I: Ran: 5 tests in: 0.10 seconds.
2018-02-16T22:33:01+00:00 MDaleDeskTopLinux#00 I: Cases: 5.
2018-02-16T22:33:01+00:00 MDaleDeskTopLinux#00 I: Tried: 5.
2018-02-16T22:33:01+00:00 MDaleDeskTopLinux#00 I: Errors: 0.
2018-02-16T22:33:01+00:00 MDaleDeskTopLinux#00 I: Failures: 0.
2018-02-16T22:33:01+00:00 MDaleDeskTopLinux#00 I: Skip: 0.
2018-02-16T22:33:01+00:00 MDaleDeskTopLinux#00 I: Todo: 0.
2018-02-16T22:33:01+00:00 MDaleDeskTopLinux#00 I: Timeout: 0.
